{"/code/personal/node-c/repo/packages/core/src/app.ts": {"path":"/code/personal/node-c/repo/packages/core/src/app.ts","all":false,"statementMap":{"0":{"start":{"line":1,"column":0},"end":{"line":1,"column":78}},"1":{"start":{"line":2,"column":0},"end":{"line":2,"column":43}},"2":{"start":{"line":3,"column":0},"end":{"line":3,"column":28}},"4":{"start":{"line":5,"column":0},"end":{"line":5,"column":104}},"19":{"start":{"line":20,"column":0},"end":{"line":20,"column":23}},"21":{"start":{"line":22,"column":0},"end":{"line":22,"column":118}},"22":{"start":{"line":23,"column":0},"end":{"line":23,"column":118}},"23":{"start":{"line":24,"column":0},"end":{"line":24,"column":59}},"24":{"start":{"line":25,"column":0},"end":{"line":25,"column":49}},"25":{"start":{"line":26,"column":0},"end":{"line":26,"column":38}},"27":{"start":{"line":28,"column":0},"end":{"line":28,"column":28}},"28":{"start":{"line":29,"column":0},"end":{"line":29,"column":64}},"29":{"start":{"line":30,"column":0},"end":{"line":30,"column":80}},"30":{"start":{"line":31,"column":0},"end":{"line":31,"column":30}},"31":{"start":{"line":32,"column":0},"end":{"line":32,"column":74}},"32":{"start":{"line":33,"column":0},"end":{"line":33,"column":39}},"33":{"start":{"line":34,"column":0},"end":{"line":34,"column":47}},"34":{"start":{"line":35,"column":0},"end":{"line":35,"column":65}},"35":{"start":{"line":36,"column":0},"end":{"line":36,"column":53}},"36":{"start":{"line":37,"column":0},"end":{"line":37,"column":47}},"37":{"start":{"line":38,"column":0},"end":{"line":38,"column":51}},"38":{"start":{"line":39,"column":0},"end":{"line":39,"column":62}},"39":{"start":{"line":40,"column":0},"end":{"line":40,"column":15}},"40":{"start":{"line":41,"column":0},"end":{"line":41,"column":22}},"41":{"start":{"line":42,"column":0},"end":{"line":42,"column":13}},"42":{"start":{"line":43,"column":0},"end":{"line":43,"column":9}},"43":{"start":{"line":44,"column":0},"end":{"line":44,"column":7}},"44":{"start":{"line":45,"column":0},"end":{"line":45,"column":5}},"45":{"start":{"line":46,"column":0},"end":{"line":46,"column":56}},"46":{"start":{"line":47,"column":0},"end":{"line":47,"column":41}},"47":{"start":{"line":48,"column":0},"end":{"line":48,"column":79}},"48":{"start":{"line":49,"column":0},"end":{"line":49,"column":9}},"49":{"start":{"line":50,"column":0},"end":{"line":50,"column":5}},"50":{"start":{"line":51,"column":0},"end":{"line":51,"column":33}},"52":{"start":{"line":53,"column":0},"end":{"line":53,"column":81}},"53":{"start":{"line":54,"column":0},"end":{"line":54,"column":56}},"54":{"start":{"line":55,"column":0},"end":{"line":55,"column":27}},"55":{"start":{"line":56,"column":0},"end":{"line":56,"column":23}},"56":{"start":{"line":57,"column":0},"end":{"line":57,"column":17}},"57":{"start":{"line":58,"column":0},"end":{"line":58,"column":7}},"58":{"start":{"line":59,"column":0},"end":{"line":59,"column":20}},"59":{"start":{"line":60,"column":0},"end":{"line":60,"column":55}},"60":{"start":{"line":61,"column":0},"end":{"line":61,"column":7}},"61":{"start":{"line":62,"column":0},"end":{"line":62,"column":41}},"62":{"start":{"line":63,"column":0},"end":{"line":63,"column":50}},"64":{"start":{"line":65,"column":0},"end":{"line":65,"column":22}},"66":{"start":{"line":67,"column":0},"end":{"line":67,"column":32}},"67":{"start":{"line":68,"column":0},"end":{"line":68,"column":27}},"68":{"start":{"line":69,"column":0},"end":{"line":69,"column":30}},"69":{"start":{"line":70,"column":0},"end":{"line":70,"column":27}},"70":{"start":{"line":71,"column":0},"end":{"line":71,"column":12}},"71":{"start":{"line":72,"column":0},"end":{"line":72,"column":10}},"72":{"start":{"line":73,"column":0},"end":{"line":73,"column":45}},"73":{"start":{"line":74,"column":0},"end":{"line":74,"column":31}},"74":{"start":{"line":75,"column":0},"end":{"line":75,"column":63}},"75":{"start":{"line":76,"column":0},"end":{"line":76,"column":90}},"76":{"start":{"line":77,"column":0},"end":{"line":77,"column":9}},"77":{"start":{"line":78,"column":0},"end":{"line":78,"column":7}},"78":{"start":{"line":79,"column":0},"end":{"line":79,"column":21}},"79":{"start":{"line":80,"column":0},"end":{"line":80,"column":5}},"80":{"start":{"line":81,"column":0},"end":{"line":81,"column":16}},"81":{"start":{"line":82,"column":0},"end":{"line":82,"column":3}},"82":{"start":{"line":83,"column":0},"end":{"line":83,"column":1}}},"s":{"0":1,"1":1,"2":1,"4":1,"19":1,"21":1,"22":5,"23":5,"24":5,"25":5,"27":5,"28":3,"29":3,"30":3,"31":2,"32":2,"33":2,"34":2,"35":2,"36":1,"37":1,"38":1,"39":1,"40":2,"41":2,"42":2,"43":2,"44":3,"45":5,"46":2,"47":2,"48":2,"49":2,"50":5,"52":7,"53":7,"54":7,"55":5,"56":5,"57":5,"58":7,"59":1,"60":1,"61":2,"62":2,"64":7,"66":1,"67":1,"68":1,"69":1,"70":1,"71":1,"72":1,"73":1,"74":1,"75":1,"76":1,"77":1,"78":2,"79":2,"80":5,"81":5,"82":1},"branchMap":{"0":{"type":"branch","line":22,"loc":{"start":{"line":22,"column":2},"end":{"line":82,"column":3}},"locations":[{"start":{"line":22,"column":2},"end":{"line":82,"column":3}}]},"1":{"type":"branch","line":23,"loc":{"start":{"line":23,"column":104},"end":{"line":23,"column":118}},"locations":[{"start":{"line":23,"column":104},"end":{"line":23,"column":118}}]},"2":{"type":"branch","line":28,"loc":{"start":{"line":28,"column":27},"end":{"line":45,"column":5}},"locations":[{"start":{"line":28,"column":27},"end":{"line":45,"column":5}}]},"3":{"type":"branch","line":31,"loc":{"start":{"line":31,"column":29},"end":{"line":44,"column":7}},"locations":[{"start":{"line":31,"column":29},"end":{"line":44,"column":7}}]},"4":{"type":"branch","line":32,"loc":{"start":{"line":32,"column":37},"end":{"line":32,"column":74}},"locations":[{"start":{"line":32,"column":37},"end":{"line":32,"column":74}}]},"5":{"type":"branch","line":36,"loc":{"start":{"line":36,"column":47},"end":{"line":40,"column":15}},"locations":[{"start":{"line":36,"column":47},"end":{"line":40,"column":15}}]},"6":{"type":"branch","line":46,"loc":{"start":{"line":46,"column":8},"end":{"line":46,"column":55}},"locations":[{"start":{"line":46,"column":8},"end":{"line":46,"column":55}}]},"7":{"type":"branch","line":46,"loc":{"start":{"line":46,"column":55},"end":{"line":50,"column":5}},"locations":[{"start":{"line":46,"column":55},"end":{"line":50,"column":5}}]},"8":{"type":"branch","line":51,"loc":{"start":{"line":51,"column":32},"end":{"line":80,"column":5}},"locations":[{"start":{"line":51,"column":32},"end":{"line":80,"column":5}}]},"9":{"type":"branch","line":55,"loc":{"start":{"line":55,"column":26},"end":{"line":58,"column":7}},"locations":[{"start":{"line":55,"column":26},"end":{"line":58,"column":7}}]},"10":{"type":"branch","line":58,"loc":{"start":{"line":58,"column":6},"end":{"line":59,"column":19}},"locations":[{"start":{"line":58,"column":6},"end":{"line":59,"column":19}}]},"11":{"type":"branch","line":59,"loc":{"start":{"line":59,"column":19},"end":{"line":61,"column":7}},"locations":[{"start":{"line":59,"column":19},"end":{"line":61,"column":7}}]},"12":{"type":"branch","line":61,"loc":{"start":{"line":61,"column":6},"end":{"line":65,"column":21}},"locations":[{"start":{"line":61,"column":6},"end":{"line":65,"column":21}}]},"13":{"type":"branch","line":65,"loc":{"start":{"line":65,"column":21},"end":{"line":78,"column":7}},"locations":[{"start":{"line":65,"column":21},"end":{"line":78,"column":7}}]},"14":{"type":"branch","line":78,"loc":{"start":{"line":78,"column":6},"end":{"line":80,"column":5}},"locations":[{"start":{"line":78,"column":6},"end":{"line":80,"column":5}}]},"15":{"type":"branch","line":47,"loc":{"start":{"line":47,"column":32},"end":{"line":49,"column":7}},"locations":[{"start":{"line":47,"column":32},"end":{"line":49,"column":7}}]}},"b":{"0":[5],"1":[1],"2":[3],"3":[2],"4":[1],"5":[1],"6":[2],"7":[2],"8":[7],"9":[5],"10":[2],"11":[1],"12":[2],"13":[1],"14":[2],"15":[2]},"fnMap":{"0":{"name":"start","decl":{"start":{"line":22,"column":2},"end":{"line":82,"column":3}},"loc":{"start":{"line":22,"column":2},"end":{"line":82,"column":3}},"line":22}},"f":{"0":5}}
,"/code/personal/node-c/repo/packages/core/src/index.ts": {"path":"/code/personal/node-c/repo/packages/core/src/index.ts","all":false,"statementMap":{"0":{"start":{"line":1,"column":0},"end":{"line":1,"column":22}},"1":{"start":{"line":2,"column":0},"end":{"line":2,"column":40}},"2":{"start":{"line":3,"column":0},"end":{"line":3,"column":37}},"3":{"start":{"line":4,"column":0},"end":{"line":4,"column":31}},"4":{"start":{"line":5,"column":0},"end":{"line":5,"column":39}},"5":{"start":{"line":6,"column":0},"end":{"line":6,"column":44}}},"s":{"0":1,"1":1,"2":1,"3":1,"4":1,"5":1},"branchMap":{},"b":{},"fnMap":{},"f":{}}
,"/code/personal/node-c/repo/packages/core/src/common/configProvider/configProvider.definitions.ts": {"path":"/code/personal/node-c/repo/packages/core/src/common/configProvider/configProvider.definitions.ts","all":false,"statementMap":{"5":{"start":{"line":6,"column":0},"end":{"line":6,"column":63}},"6":{"start":{"line":7,"column":0},"end":{"line":7,"column":8}},"7":{"start":{"line":8,"column":0},"end":{"line":8,"column":11}},"8":{"start":{"line":9,"column":0},"end":{"line":9,"column":27}},"9":{"start":{"line":10,"column":0},"end":{"line":10,"column":18}},"10":{"start":{"line":11,"column":0},"end":{"line":11,"column":6}},"11":{"start":{"line":12,"column":0},"end":{"line":12,"column":11}},"12":{"start":{"line":13,"column":0},"end":{"line":13,"column":27}},"13":{"start":{"line":14,"column":0},"end":{"line":14,"column":18}},"14":{"start":{"line":15,"column":0},"end":{"line":15,"column":5}},"15":{"start":{"line":16,"column":0},"end":{"line":16,"column":4}},"16":{"start":{"line":17,"column":0},"end":{"line":17,"column":11}},"17":{"start":{"line":18,"column":0},"end":{"line":18,"column":10}},"18":{"start":{"line":19,"column":0},"end":{"line":19,"column":43}},"19":{"start":{"line":20,"column":0},"end":{"line":20,"column":44}},"20":{"start":{"line":21,"column":0},"end":{"line":21,"column":5}},"21":{"start":{"line":22,"column":0},"end":{"line":22,"column":4}},"22":{"start":{"line":23,"column":0},"end":{"line":23,"column":16}},"23":{"start":{"line":24,"column":0},"end":{"line":24,"column":12}},"24":{"start":{"line":25,"column":0},"end":{"line":25,"column":19}},"25":{"start":{"line":26,"column":0},"end":{"line":26,"column":27}},"26":{"start":{"line":27,"column":0},"end":{"line":27,"column":19}},"27":{"start":{"line":28,"column":0},"end":{"line":28,"column":18}},"28":{"start":{"line":29,"column":0},"end":{"line":29,"column":6}},"29":{"start":{"line":30,"column":0},"end":{"line":30,"column":10}},"30":{"start":{"line":31,"column":0},"end":{"line":31,"column":19}},"31":{"start":{"line":32,"column":0},"end":{"line":32,"column":27}},"32":{"start":{"line":33,"column":0},"end":{"line":33,"column":19}},"33":{"start":{"line":34,"column":0},"end":{"line":34,"column":18}},"34":{"start":{"line":35,"column":0},"end":{"line":35,"column":5}},"35":{"start":{"line":36,"column":0},"end":{"line":36,"column":3}},"36":{"start":{"line":37,"column":0},"end":{"line":37,"column":2}},"44":{"start":{"line":45,"column":0},"end":{"line":45,"column":87}},"45":{"start":{"line":46,"column":0},"end":{"line":46,"column":8}},"46":{"start":{"line":47,"column":0},"end":{"line":47,"column":15}},"47":{"start":{"line":48,"column":0},"end":{"line":48,"column":19}},"48":{"start":{"line":49,"column":0},"end":{"line":49,"column":18}},"49":{"start":{"line":50,"column":0},"end":{"line":50,"column":6}},"50":{"start":{"line":51,"column":0},"end":{"line":51,"column":15}},"51":{"start":{"line":52,"column":0},"end":{"line":52,"column":4}},"52":{"start":{"line":53,"column":0},"end":{"line":53,"column":11}},"53":{"start":{"line":54,"column":0},"end":{"line":54,"column":15}},"54":{"start":{"line":55,"column":0},"end":{"line":55,"column":16}},"55":{"start":{"line":56,"column":0},"end":{"line":56,"column":6}},"56":{"start":{"line":57,"column":0},"end":{"line":57,"column":18}},"57":{"start":{"line":58,"column":0},"end":{"line":58,"column":4}},"58":{"start":{"line":59,"column":0},"end":{"line":59,"column":16}},"59":{"start":{"line":60,"column":0},"end":{"line":60,"column":15}},"60":{"start":{"line":61,"column":0},"end":{"line":61,"column":15}},"61":{"start":{"line":62,"column":0},"end":{"line":62,"column":20}},"62":{"start":{"line":63,"column":0},"end":{"line":63,"column":6}},"63":{"start":{"line":64,"column":0},"end":{"line":64,"column":23}},"64":{"start":{"line":65,"column":0},"end":{"line":65,"column":3}},"65":{"start":{"line":66,"column":0},"end":{"line":66,"column":2}},"185":{"start":{"line":186,"column":0},"end":{"line":186,"column":28}},"187":{"start":{"line":188,"column":0},"end":{"line":188,"column":30}},"189":{"start":{"line":190,"column":0},"end":{"line":190,"column":18}},"191":{"start":{"line":192,"column":0},"end":{"line":192,"column":28}},"193":{"start":{"line":194,"column":0},"end":{"line":194,"column":21}},"214":{"start":{"line":215,"column":0},"end":{"line":215,"column":23}},"216":{"start":{"line":217,"column":0},"end":{"line":217,"column":17}},"220":{"start":{"line":221,"column":0},"end":{"line":221,"column":21}},"222":{"start":{"line":223,"column":0},"end":{"line":223,"column":28}},"224":{"start":{"line":225,"column":0},"end":{"line":225,"column":18}},"226":{"start":{"line":227,"column":0},"end":{"line":227,"column":11}}},"s":{"5":1,"6":1,"7":1,"8":1,"9":1,"10":1,"11":1,"12":1,"13":1,"14":1,"15":1,"16":1,"17":1,"18":1,"19":1,"20":1,"21":1,"22":1,"23":1,"24":1,"25":1,"26":1,"27":1,"28":1,"29":1,"30":1,"31":1,"32":1,"33":1,"34":1,"35":1,"36":1,"44":1,"45":1,"46":1,"47":1,"48":1,"49":1,"50":1,"51":1,"52":1,"53":1,"54":1,"55":1,"56":1,"57":1,"58":1,"59":1,"60":1,"61":1,"62":1,"63":1,"64":1,"65":1,"185":1,"187":1,"189":1,"191":1,"193":1,"214":1,"216":1,"220":1,"222":1,"224":1,"226":1},"branchMap":{"0":{"type":"branch","line":186,"loc":{"start":{"line":186,"column":7},"end":{"line":186,"column":28}},"locations":[{"start":{"line":186,"column":7},"end":{"line":186,"column":28}}]},"1":{"type":"branch","line":215,"loc":{"start":{"line":215,"column":7},"end":{"line":215,"column":23}},"locations":[{"start":{"line":215,"column":7},"end":{"line":215,"column":23}}]},"2":{"type":"branch","line":221,"loc":{"start":{"line":221,"column":7},"end":{"line":221,"column":21}},"locations":[{"start":{"line":221,"column":7},"end":{"line":221,"column":21}}]}},"b":{"0":[3],"1":[3],"2":[3]},"fnMap":{},"f":{}}
,"/code/personal/node-c/repo/packages/core/src/common/configProvider/configProvider.module.ts": {"path":"/code/personal/node-c/repo/packages/core/src/common/configProvider/configProvider.module.ts","all":false,"statementMap":{"0":{"start":{"line":1,"column":0},"end":{"line":1,"column":55}},"3":{"start":{"line":4,"column":0},"end":{"line":4,"column":65}},"5":{"start":{"line":6,"column":0},"end":{"line":6,"column":43}},"7":{"start":{"line":8,"column":0},"end":{"line":8,"column":11}},"8":{"start":{"line":9,"column":0},"end":{"line":9,"column":35}},"9":{"start":{"line":10,"column":0},"end":{"line":10,"column":72}},"10":{"start":{"line":11,"column":0},"end":{"line":11,"column":64}},"11":{"start":{"line":12,"column":0},"end":{"line":12,"column":12}},"12":{"start":{"line":13,"column":0},"end":{"line":13,"column":19}},"13":{"start":{"line":14,"column":0},"end":{"line":14,"column":35}},"14":{"start":{"line":15,"column":0},"end":{"line":15,"column":18}},"15":{"start":{"line":16,"column":0},"end":{"line":16,"column":9}},"16":{"start":{"line":17,"column":0},"end":{"line":17,"column":36}},"17":{"start":{"line":18,"column":0},"end":{"line":18,"column":117}},"18":{"start":{"line":19,"column":0},"end":{"line":19,"column":10}},"19":{"start":{"line":20,"column":0},"end":{"line":20,"column":29}},"20":{"start":{"line":21,"column":0},"end":{"line":21,"column":8}},"21":{"start":{"line":22,"column":0},"end":{"line":22,"column":56}},"22":{"start":{"line":23,"column":0},"end":{"line":23,"column":6}},"23":{"start":{"line":24,"column":0},"end":{"line":24,"column":3}},"24":{"start":{"line":25,"column":0},"end":{"line":25,"column":1}}},"s":{"0":1,"3":1,"5":1,"7":1,"8":1,"9":1,"10":5,"11":5,"12":5,"13":5,"14":5,"15":5,"16":5,"17":5,"18":5,"19":5,"20":5,"21":5,"22":5,"23":5,"24":1},"branchMap":{"0":{"type":"branch","line":10,"loc":{"start":{"line":10,"column":9},"end":{"line":24,"column":3}},"locations":[{"start":{"line":10,"column":9},"end":{"line":24,"column":3}}]},"1":{"type":"branch","line":18,"loc":{"start":{"line":18,"column":22},"end":{"line":18,"column":117}},"locations":[{"start":{"line":18,"column":22},"end":{"line":18,"column":117}}]}},"b":{"0":[5],"1":[9]},"fnMap":{"0":{"name":"register","decl":{"start":{"line":10,"column":9},"end":{"line":24,"column":3}},"loc":{"start":{"line":10,"column":9},"end":{"line":24,"column":3}},"line":10},"1":{"name":"useFactory","decl":{"start":{"line":18,"column":22},"end":{"line":18,"column":117}},"loc":{"start":{"line":18,"column":22},"end":{"line":18,"column":117}},"line":18}},"f":{"0":5,"1":9}}
,"/code/personal/node-c/repo/packages/core/src/common/configProvider/configProvider.service.ts": {"path":"/code/personal/node-c/repo/packages/core/src/common/configProvider/configProvider.service.ts","all":false,"statementMap":{"0":{"start":{"line":1,"column":0},"end":{"line":1,"column":34}},"1":{"start":{"line":2,"column":0},"end":{"line":2,"column":29}},"3":{"start":{"line":4,"column":0},"end":{"line":4,"column":52}},"4":{"start":{"line":5,"column":0},"end":{"line":5,"column":51}},"5":{"start":{"line":6,"column":0},"end":{"line":6,"column":28}},"6":{"start":{"line":7,"column":0},"end":{"line":7,"column":39}},"8":{"start":{"line":9,"column":0},"end":{"line":9,"column":8}},"18":{"start":{"line":19,"column":0},"end":{"line":19,"column":43}},"20":{"start":{"line":21,"column":0},"end":{"line":21,"column":13}},"21":{"start":{"line":22,"column":0},"end":{"line":22,"column":91}},"22":{"start":{"line":23,"column":0},"end":{"line":23,"column":14}},"23":{"start":{"line":24,"column":0},"end":{"line":24,"column":29}},"25":{"start":{"line":26,"column":0},"end":{"line":26,"column":28}},"26":{"start":{"line":27,"column":0},"end":{"line":27,"column":6}},"29":{"start":{"line":30,"column":0},"end":{"line":30,"column":88}},"30":{"start":{"line":31,"column":0},"end":{"line":31,"column":22}},"31":{"start":{"line":32,"column":0},"end":{"line":32,"column":37}},"32":{"start":{"line":33,"column":0},"end":{"line":33,"column":20}},"33":{"start":{"line":34,"column":0},"end":{"line":34,"column":11}},"34":{"start":{"line":35,"column":0},"end":{"line":35,"column":35}},"35":{"start":{"line":36,"column":0},"end":{"line":36,"column":17}},"36":{"start":{"line":37,"column":0},"end":{"line":37,"column":15}},"37":{"start":{"line":38,"column":0},"end":{"line":38,"column":102}},"38":{"start":{"line":39,"column":0},"end":{"line":39,"column":98}},"39":{"start":{"line":40,"column":0},"end":{"line":40,"column":62}},"40":{"start":{"line":41,"column":0},"end":{"line":41,"column":34}},"41":{"start":{"line":42,"column":0},"end":{"line":42,"column":99}},"42":{"start":{"line":43,"column":0},"end":{"line":43,"column":37}},"43":{"start":{"line":44,"column":0},"end":{"line":44,"column":38}},"44":{"start":{"line":45,"column":0},"end":{"line":45,"column":44}},"45":{"start":{"line":46,"column":0},"end":{"line":46,"column":39}},"46":{"start":{"line":47,"column":0},"end":{"line":47,"column":17}},"47":{"start":{"line":48,"column":0},"end":{"line":48,"column":7}},"48":{"start":{"line":49,"column":0},"end":{"line":49,"column":70}},"49":{"start":{"line":50,"column":0},"end":{"line":50,"column":66}},"50":{"start":{"line":51,"column":0},"end":{"line":51,"column":41}},"51":{"start":{"line":52,"column":0},"end":{"line":52,"column":57}},"52":{"start":{"line":53,"column":0},"end":{"line":53,"column":55}},"53":{"start":{"line":54,"column":0},"end":{"line":54,"column":75}},"54":{"start":{"line":55,"column":0},"end":{"line":55,"column":19}},"55":{"start":{"line":56,"column":0},"end":{"line":56,"column":9}},"56":{"start":{"line":57,"column":0},"end":{"line":57,"column":59}},"57":{"start":{"line":58,"column":0},"end":{"line":58,"column":78}},"58":{"start":{"line":59,"column":0},"end":{"line":59,"column":19}},"59":{"start":{"line":60,"column":0},"end":{"line":60,"column":9}},"60":{"start":{"line":61,"column":0},"end":{"line":61,"column":7}},"61":{"start":{"line":62,"column":0},"end":{"line":62,"column":5}},"62":{"start":{"line":63,"column":0},"end":{"line":63,"column":23}},"63":{"start":{"line":64,"column":0},"end":{"line":64,"column":65}},"64":{"start":{"line":65,"column":0},"end":{"line":65,"column":21}},"65":{"start":{"line":66,"column":0},"end":{"line":66,"column":49}},"66":{"start":{"line":67,"column":0},"end":{"line":67,"column":34}},"67":{"start":{"line":68,"column":0},"end":{"line":68,"column":40}},"68":{"start":{"line":69,"column":0},"end":{"line":69,"column":52}},"69":{"start":{"line":70,"column":0},"end":{"line":70,"column":16}},"70":{"start":{"line":71,"column":0},"end":{"line":71,"column":41}},"71":{"start":{"line":72,"column":0},"end":{"line":72,"column":11}},"72":{"start":{"line":73,"column":0},"end":{"line":73,"column":10}},"73":{"start":{"line":74,"column":0},"end":{"line":74,"column":7}},"74":{"start":{"line":75,"column":0},"end":{"line":75,"column":6}},"75":{"start":{"line":76,"column":0},"end":{"line":76,"column":3}},"78":{"start":{"line":79,"column":0},"end":{"line":79,"column":81}},"79":{"start":{"line":80,"column":0},"end":{"line":80,"column":37}},"80":{"start":{"line":81,"column":0},"end":{"line":81,"column":31}},"81":{"start":{"line":82,"column":0},"end":{"line":82,"column":25}},"82":{"start":{"line":83,"column":0},"end":{"line":83,"column":68}},"83":{"start":{"line":84,"column":0},"end":{"line":84,"column":76}},"84":{"start":{"line":85,"column":0},"end":{"line":85,"column":111}},"85":{"start":{"line":86,"column":0},"end":{"line":86,"column":35}},"86":{"start":{"line":87,"column":0},"end":{"line":87,"column":87}},"87":{"start":{"line":88,"column":0},"end":{"line":88,"column":34}},"88":{"start":{"line":89,"column":0},"end":{"line":89,"column":33}},"89":{"start":{"line":90,"column":0},"end":{"line":90,"column":17}},"90":{"start":{"line":91,"column":0},"end":{"line":91,"column":79}},"91":{"start":{"line":92,"column":0},"end":{"line":92,"column":12}},"92":{"start":{"line":93,"column":0},"end":{"line":93,"column":24}},"93":{"start":{"line":94,"column":0},"end":{"line":94,"column":38}},"94":{"start":{"line":95,"column":0},"end":{"line":95,"column":7}},"95":{"start":{"line":96,"column":0},"end":{"line":96,"column":19}},"96":{"start":{"line":97,"column":0},"end":{"line":97,"column":41}},"98":{"start":{"line":99,"column":0},"end":{"line":99,"column":11}},"99":{"start":{"line":100,"column":0},"end":{"line":100,"column":85}},"100":{"start":{"line":101,"column":0},"end":{"line":101,"column":41}},"102":{"start":{"line":103,"column":0},"end":{"line":103,"column":33}},"103":{"start":{"line":104,"column":0},"end":{"line":104,"column":107}},"104":{"start":{"line":105,"column":0},"end":{"line":105,"column":6}},"106":{"start":{"line":107,"column":0},"end":{"line":107,"column":35}},"107":{"start":{"line":108,"column":0},"end":{"line":108,"column":70}},"108":{"start":{"line":109,"column":0},"end":{"line":109,"column":28}},"109":{"start":{"line":110,"column":0},"end":{"line":110,"column":17}},"110":{"start":{"line":111,"column":0},"end":{"line":111,"column":7}},"111":{"start":{"line":112,"column":0},"end":{"line":112,"column":100}},"112":{"start":{"line":113,"column":0},"end":{"line":113,"column":24}},"113":{"start":{"line":114,"column":0},"end":{"line":114,"column":17}},"114":{"start":{"line":115,"column":0},"end":{"line":115,"column":7}},"115":{"start":{"line":116,"column":0},"end":{"line":116,"column":75}},"116":{"start":{"line":117,"column":0},"end":{"line":117,"column":70}},"117":{"start":{"line":118,"column":0},"end":{"line":118,"column":38}},"118":{"start":{"line":119,"column":0},"end":{"line":119,"column":17}},"119":{"start":{"line":120,"column":0},"end":{"line":120,"column":7}},"120":{"start":{"line":121,"column":0},"end":{"line":121,"column":58}},"121":{"start":{"line":122,"column":0},"end":{"line":122,"column":58}},"122":{"start":{"line":123,"column":0},"end":{"line":123,"column":7}},"123":{"start":{"line":124,"column":0},"end":{"line":124,"column":70}},"124":{"start":{"line":125,"column":0},"end":{"line":125,"column":70}},"125":{"start":{"line":126,"column":0},"end":{"line":126,"column":7}},"126":{"start":{"line":127,"column":0},"end":{"line":127,"column":80}},"127":{"start":{"line":128,"column":0},"end":{"line":128,"column":5}},"129":{"start":{"line":130,"column":0},"end":{"line":130,"column":64}},"130":{"start":{"line":131,"column":0},"end":{"line":131,"column":116}},"131":{"start":{"line":132,"column":0},"end":{"line":132,"column":86}},"132":{"start":{"line":133,"column":0},"end":{"line":133,"column":77}},"133":{"start":{"line":134,"column":0},"end":{"line":134,"column":51}},"134":{"start":{"line":135,"column":0},"end":{"line":135,"column":60}},"135":{"start":{"line":136,"column":0},"end":{"line":136,"column":60}},"136":{"start":{"line":137,"column":0},"end":{"line":137,"column":36}},"137":{"start":{"line":138,"column":0},"end":{"line":138,"column":58}},"138":{"start":{"line":139,"column":0},"end":{"line":139,"column":43}},"139":{"start":{"line":140,"column":0},"end":{"line":140,"column":74}},"140":{"start":{"line":141,"column":0},"end":{"line":141,"column":56}},"141":{"start":{"line":142,"column":0},"end":{"line":142,"column":106}},"142":{"start":{"line":143,"column":0},"end":{"line":143,"column":74}},"143":{"start":{"line":144,"column":0},"end":{"line":144,"column":58}},"144":{"start":{"line":145,"column":0},"end":{"line":145,"column":11}},"145":{"start":{"line":146,"column":0},"end":{"line":146,"column":11}},"146":{"start":{"line":147,"column":0},"end":{"line":147,"column":7}},"147":{"start":{"line":148,"column":0},"end":{"line":148,"column":5}},"148":{"start":{"line":149,"column":0},"end":{"line":149,"column":18}},"149":{"start":{"line":150,"column":0},"end":{"line":150,"column":3}},"150":{"start":{"line":151,"column":0},"end":{"line":151,"column":1}}},"s":{"0":1,"1":1,"3":1,"4":1,"5":1,"6":1,"8":1,"18":1,"20":1,"21":1,"22":1,"23":8,"25":8,"26":8,"29":1,"30":6,"31":6,"32":6,"33":6,"34":6,"35":6,"36":6,"37":6,"38":6,"39":6,"40":5,"41":5,"42":5,"43":6,"44":16,"45":16,"46":4,"47":4,"48":12,"49":12,"50":16,"51":36,"52":36,"53":8,"54":8,"55":8,"56":36,"57":8,"58":8,"59":8,"60":36,"61":12,"62":5,"63":5,"64":5,"65":5,"66":5,"67":5,"68":5,"69":5,"70":5,"71":5,"72":5,"73":5,"74":5,"75":6,"78":1,"79":14,"80":14,"81":14,"82":14,"83":14,"84":14,"85":14,"86":14,"87":14,"88":14,"89":14,"90":14,"91":14,"92":14,"93":14,"94":14,"95":14,"96":14,"98":14,"99":14,"100":14,"102":14,"103":14,"104":13,"106":14,"107":104,"108":104,"109":39,"110":39,"111":104,"112":104,"113":39,"114":39,"115":26,"116":26,"117":104,"118":5,"119":5,"120":104,"121":12,"122":12,"123":21,"124":21,"125":21,"126":21,"127":21,"129":13,"130":12,"131":12,"132":12,"133":12,"134":21,"135":21,"136":21,"137":21,"138":21,"139":21,"140":21,"141":42,"142":42,"143":42,"144":42,"145":21,"146":21,"147":12,"148":13,"149":14,"150":1},"branchMap":{"0":{"type":"branch","line":23,"loc":{"start":{"line":23,"column":2},"end":{"line":27,"column":6}},"locations":[{"start":{"line":23,"column":2},"end":{"line":27,"column":6}}]},"1":{"type":"branch","line":30,"loc":{"start":{"line":30,"column":2},"end":{"line":76,"column":3}},"locations":[{"start":{"line":30,"column":2},"end":{"line":76,"column":3}}]},"2":{"type":"branch","line":40,"loc":{"start":{"line":40,"column":60},"end":{"line":44,"column":37}},"locations":[{"start":{"line":40,"column":60},"end":{"line":44,"column":37}}]},"3":{"type":"branch","line":44,"loc":{"start":{"line":44,"column":37},"end":{"line":62,"column":5}},"locations":[{"start":{"line":44,"column":37},"end":{"line":62,"column":5}}]},"4":{"type":"branch","line":46,"loc":{"start":{"line":46,"column":38},"end":{"line":48,"column":7}},"locations":[{"start":{"line":46,"column":38},"end":{"line":48,"column":7}}]},"5":{"type":"branch","line":48,"loc":{"start":{"line":48,"column":6},"end":{"line":51,"column":40}},"locations":[{"start":{"line":48,"column":6},"end":{"line":51,"column":40}}]},"6":{"type":"branch","line":51,"loc":{"start":{"line":51,"column":40},"end":{"line":61,"column":7}},"locations":[{"start":{"line":51,"column":40},"end":{"line":61,"column":7}}]},"7":{"type":"branch","line":53,"loc":{"start":{"line":53,"column":54},"end":{"line":56,"column":9}},"locations":[{"start":{"line":53,"column":54},"end":{"line":56,"column":9}}]},"8":{"type":"branch","line":56,"loc":{"start":{"line":56,"column":8},"end":{"line":57,"column":58}},"locations":[{"start":{"line":56,"column":8},"end":{"line":57,"column":58}}]},"9":{"type":"branch","line":57,"loc":{"start":{"line":57,"column":58},"end":{"line":60,"column":9}},"locations":[{"start":{"line":57,"column":58},"end":{"line":60,"column":9}}]},"10":{"type":"branch","line":61,"loc":{"start":{"line":61,"column":6},"end":{"line":62,"column":5}},"locations":[{"start":{"line":61,"column":6},"end":{"line":62,"column":5}}]},"11":{"type":"branch","line":62,"loc":{"start":{"line":62,"column":4},"end":{"line":75,"column":6}},"locations":[{"start":{"line":62,"column":4},"end":{"line":75,"column":6}}]},"12":{"type":"branch","line":79,"loc":{"start":{"line":79,"column":2},"end":{"line":150,"column":3}},"locations":[{"start":{"line":79,"column":2},"end":{"line":150,"column":3}}]},"13":{"type":"branch","line":83,"loc":{"start":{"line":83,"column":31},"end":{"line":83,"column":68}},"locations":[{"start":{"line":83,"column":31},"end":{"line":83,"column":68}}]},"14":{"type":"branch","line":84,"loc":{"start":{"line":84,"column":32},"end":{"line":84,"column":76}},"locations":[{"start":{"line":84,"column":32},"end":{"line":84,"column":76}}]},"15":{"type":"branch","line":85,"loc":{"start":{"line":85,"column":43},"end":{"line":85,"column":111}},"locations":[{"start":{"line":85,"column":43},"end":{"line":85,"column":111}}]},"16":{"type":"branch","line":87,"loc":{"start":{"line":87,"column":42},"end":{"line":87,"column":87}},"locations":[{"start":{"line":87,"column":42},"end":{"line":87,"column":87}}]},"17":{"type":"branch","line":104,"loc":{"start":{"line":104,"column":94},"end":{"line":107,"column":34}},"locations":[{"start":{"line":104,"column":94},"end":{"line":107,"column":34}}]},"18":{"type":"branch","line":107,"loc":{"start":{"line":107,"column":34},"end":{"line":128,"column":5}},"locations":[{"start":{"line":107,"column":34},"end":{"line":128,"column":5}}]},"19":{"type":"branch","line":108,"loc":{"start":{"line":108,"column":62},"end":{"line":108,"column":70}},"locations":[{"start":{"line":108,"column":62},"end":{"line":108,"column":70}}]},"20":{"type":"branch","line":109,"loc":{"start":{"line":109,"column":27},"end":{"line":111,"column":7}},"locations":[{"start":{"line":109,"column":27},"end":{"line":111,"column":7}}]},"21":{"type":"branch","line":111,"loc":{"start":{"line":111,"column":6},"end":{"line":112,"column":97}},"locations":[{"start":{"line":111,"column":6},"end":{"line":112,"column":97}}]},"22":{"type":"branch","line":112,"loc":{"start":{"line":112,"column":92},"end":{"line":112,"column":100}},"locations":[{"start":{"line":112,"column":92},"end":{"line":112,"column":100}}]},"23":{"type":"branch","line":113,"loc":{"start":{"line":113,"column":23},"end":{"line":115,"column":7}},"locations":[{"start":{"line":113,"column":23},"end":{"line":115,"column":7}}]},"24":{"type":"branch","line":115,"loc":{"start":{"line":115,"column":6},"end":{"line":118,"column":37}},"locations":[{"start":{"line":115,"column":6},"end":{"line":118,"column":37}}]},"25":{"type":"branch","line":118,"loc":{"start":{"line":118,"column":37},"end":{"line":120,"column":7}},"locations":[{"start":{"line":118,"column":37},"end":{"line":120,"column":7}}]},"26":{"type":"branch","line":120,"loc":{"start":{"line":120,"column":6},"end":{"line":121,"column":57}},"locations":[{"start":{"line":120,"column":6},"end":{"line":121,"column":57}}]},"27":{"type":"branch","line":121,"loc":{"start":{"line":121,"column":57},"end":{"line":123,"column":7}},"locations":[{"start":{"line":121,"column":57},"end":{"line":123,"column":7}}]},"28":{"type":"branch","line":123,"loc":{"start":{"line":123,"column":6},"end":{"line":128,"column":5}},"locations":[{"start":{"line":123,"column":6},"end":{"line":128,"column":5}}]},"29":{"type":"branch","line":128,"loc":{"start":{"line":128,"column":4},"end":{"line":149,"column":18}},"locations":[{"start":{"line":128,"column":4},"end":{"line":149,"column":18}}]},"30":{"type":"branch","line":130,"loc":{"start":{"line":130,"column":63},"end":{"line":148,"column":5}},"locations":[{"start":{"line":130,"column":63},"end":{"line":148,"column":5}}]},"31":{"type":"branch","line":134,"loc":{"start":{"line":134,"column":50},"end":{"line":147,"column":7}},"locations":[{"start":{"line":134,"column":50},"end":{"line":147,"column":7}}]},"32":{"type":"branch","line":139,"loc":{"start":{"line":139,"column":28},"end":{"line":146,"column":9}},"locations":[{"start":{"line":139,"column":28},"end":{"line":146,"column":9}}]},"33":{"type":"branch","line":141,"loc":{"start":{"line":141,"column":55},"end":{"line":145,"column":11}},"locations":[{"start":{"line":141,"column":55},"end":{"line":145,"column":11}}]}},"b":{"0":[8],"1":[6],"2":[5],"3":[16],"4":[4],"5":[12],"6":[36],"7":[8],"8":[28],"9":[8],"10":[12],"11":[5],"12":[14],"13":[1],"14":[1],"15":[1],"16":[1],"17":[13],"18":[104],"19":[39],"20":[39],"21":[65],"22":[39],"23":[39],"24":[26],"25":[5],"26":[21],"27":[12],"28":[21],"29":[13],"30":[12],"31":[21],"32":[21],"33":[42]},"fnMap":{"0":{"name":"ConfigProviderService","decl":{"start":{"line":23,"column":2},"end":{"line":27,"column":6}},"loc":{"start":{"line":23,"column":2},"end":{"line":27,"column":6}},"line":23},"1":{"name":"generateOrmconfig","decl":{"start":{"line":30,"column":2},"end":{"line":76,"column":3}},"loc":{"start":{"line":30,"column":2},"end":{"line":76,"column":3}},"line":30},"2":{"name":"loadConfig","decl":{"start":{"line":79,"column":2},"end":{"line":150,"column":3}},"loc":{"start":{"line":79,"column":2},"end":{"line":150,"column":3}},"line":79}},"f":{"0":8,"1":6,"2":14}}
,"/code/personal/node-c/repo/packages/core/src/common/configProvider/index.ts": {"path":"/code/personal/node-c/repo/packages/core/src/common/configProvider/index.ts","all":false,"statementMap":{"0":{"start":{"line":1,"column":0},"end":{"line":1,"column":45}},"1":{"start":{"line":2,"column":0},"end":{"line":2,"column":40}},"2":{"start":{"line":3,"column":0},"end":{"line":3,"column":41}}},"s":{"0":1,"1":1,"2":1},"branchMap":{},"b":{},"fnMap":{},"f":{}}
,"/code/personal/node-c/repo/packages/core/src/common/definitions/common.constants.ts": {"path":"/code/personal/node-c/repo/packages/core/src/common/definitions/common.constants.ts","all":false,"statementMap":{"0":{"start":{"line":1,"column":0},"end":{"line":1,"column":23}},"2":{"start":{"line":3,"column":0},"end":{"line":3,"column":38}},"4":{"start":{"line":5,"column":0},"end":{"line":5,"column":20}},"6":{"start":{"line":7,"column":0},"end":{"line":7,"column":43}}},"s":{"0":1,"2":1,"4":1,"6":1},"branchMap":{"0":{"type":"branch","line":1,"loc":{"start":{"line":1,"column":7},"end":{"line":1,"column":23}},"locations":[{"start":{"line":1,"column":7},"end":{"line":1,"column":23}}]}},"b":{"0":[4]},"fnMap":{},"f":{}}
,"/code/personal/node-c/repo/packages/core/src/common/definitions/common.definitions.ts": {"path":"/code/personal/node-c/repo/packages/core/src/common/definitions/common.definitions.ts","all":false,"statementMap":{"4":{"start":{"line":5,"column":0},"end":{"line":5,"column":84}},"6":{"start":{"line":7,"column":0},"end":{"line":7,"column":1}}},"s":{"4":1,"6":1},"branchMap":{},"b":{},"fnMap":{},"f":{}}
,"/code/personal/node-c/repo/packages/core/src/common/definitions/common.errors.ts": {"path":"/code/personal/node-c/repo/packages/core/src/common/definitions/common.errors.ts","all":false,"statementMap":{"2":{"start":{"line":3,"column":0},"end":{"line":3,"column":48}},"7":{"start":{"line":8,"column":0},"end":{"line":8,"column":54}},"8":{"start":{"line":9,"column":0},"end":{"line":9,"column":27}},"9":{"start":{"line":10,"column":0},"end":{"line":10,"column":35}},"10":{"start":{"line":11,"column":0},"end":{"line":11,"column":27}},"11":{"start":{"line":12,"column":0},"end":{"line":12,"column":3}},"12":{"start":{"line":13,"column":0},"end":{"line":13,"column":1}}},"s":{"2":1,"7":1,"8":21,"9":21,"10":21,"11":21,"12":1},"branchMap":{"0":{"type":"branch","line":8,"loc":{"start":{"line":8,"column":2},"end":{"line":12,"column":3}},"locations":[{"start":{"line":8,"column":2},"end":{"line":12,"column":3}}]}},"b":{"0":[21]},"fnMap":{"0":{"name":"ApplicationError","decl":{"start":{"line":8,"column":2},"end":{"line":12,"column":3}},"loc":{"start":{"line":8,"column":2},"end":{"line":12,"column":3}},"line":8}},"f":{"0":21}}
,"/code/personal/node-c/repo/packages/core/src/common/definitions/index.ts": {"path":"/code/personal/node-c/repo/packages/core/src/common/definitions/index.ts","all":false,"statementMap":{"0":{"start":{"line":1,"column":0},"end":{"line":1,"column":35}},"1":{"start":{"line":2,"column":0},"end":{"line":2,"column":37}},"2":{"start":{"line":3,"column":0},"end":{"line":3,"column":32}}},"s":{"0":1,"1":1,"2":1},"branchMap":{},"b":{},"fnMap":{},"f":{}}
,"/code/personal/node-c/repo/packages/core/src/common/utils/index.ts": {"path":"/code/personal/node-c/repo/packages/core/src/common/utils/index.ts","all":false,"statementMap":{"0":{"start":{"line":1,"column":0},"end":{"line":1,"column":43}}},"s":{"0":1},"branchMap":{},"b":{},"fnMap":{},"f":{}}
,"/code/personal/node-c/repo/packages/core/src/common/utils/utils.loadDynamicModules.ts": {"path":"/code/personal/node-c/repo/packages/core/src/common/utils/utils.loadDynamicModules.ts","all":false,"statementMap":{"8":{"start":{"line":9,"column":0},"end":{"line":9,"column":35}},"9":{"start":{"line":10,"column":0},"end":{"line":10,"column":36}},"10":{"start":{"line":11,"column":0},"end":{"line":11,"column":108}},"11":{"start":{"line":12,"column":0},"end":{"line":12,"column":37}},"12":{"start":{"line":13,"column":0},"end":{"line":13,"column":33}},"13":{"start":{"line":14,"column":0},"end":{"line":14,"column":38}},"14":{"start":{"line":15,"column":0},"end":{"line":15,"column":34}},"15":{"start":{"line":16,"column":0},"end":{"line":16,"column":33}},"16":{"start":{"line":17,"column":0},"end":{"line":17,"column":53}},"17":{"start":{"line":18,"column":0},"end":{"line":18,"column":35}},"18":{"start":{"line":19,"column":0},"end":{"line":19,"column":15}},"19":{"start":{"line":20,"column":0},"end":{"line":20,"column":5}},"20":{"start":{"line":21,"column":0},"end":{"line":21,"column":38}},"21":{"start":{"line":22,"column":0},"end":{"line":22,"column":81}},"22":{"start":{"line":23,"column":0},"end":{"line":23,"column":42}},"23":{"start":{"line":24,"column":0},"end":{"line":24,"column":26}},"24":{"start":{"line":25,"column":0},"end":{"line":25,"column":49}},"25":{"start":{"line":26,"column":0},"end":{"line":26,"column":63}},"26":{"start":{"line":27,"column":0},"end":{"line":27,"column":11}},"28":{"start":{"line":29,"column":0},"end":{"line":29,"column":7}},"29":{"start":{"line":30,"column":0},"end":{"line":30,"column":39}},"30":{"start":{"line":31,"column":0},"end":{"line":31,"column":15}},"31":{"start":{"line":32,"column":0},"end":{"line":32,"column":5}},"32":{"start":{"line":33,"column":0},"end":{"line":33,"column":34}},"33":{"start":{"line":34,"column":0},"end":{"line":34,"column":43}},"34":{"start":{"line":35,"column":0},"end":{"line":35,"column":15}},"35":{"start":{"line":36,"column":0},"end":{"line":36,"column":5}},"36":{"start":{"line":37,"column":0},"end":{"line":37,"column":34}},"37":{"start":{"line":38,"column":0},"end":{"line":38,"column":70}},"38":{"start":{"line":39,"column":0},"end":{"line":39,"column":15}},"39":{"start":{"line":40,"column":0},"end":{"line":40,"column":5}},"40":{"start":{"line":41,"column":0},"end":{"line":41,"column":35}},"41":{"start":{"line":42,"column":0},"end":{"line":42,"column":81}},"42":{"start":{"line":43,"column":0},"end":{"line":43,"column":42}},"43":{"start":{"line":44,"column":0},"end":{"line":44,"column":23}},"44":{"start":{"line":45,"column":0},"end":{"line":45,"column":49}},"45":{"start":{"line":46,"column":0},"end":{"line":46,"column":63}},"46":{"start":{"line":47,"column":0},"end":{"line":47,"column":11}},"48":{"start":{"line":49,"column":0},"end":{"line":49,"column":7}},"49":{"start":{"line":50,"column":0},"end":{"line":50,"column":36}},"50":{"start":{"line":51,"column":0},"end":{"line":51,"column":15}},"51":{"start":{"line":52,"column":0},"end":{"line":52,"column":5}},"52":{"start":{"line":53,"column":0},"end":{"line":53,"column":3}},"53":{"start":{"line":54,"column":0},"end":{"line":54,"column":10}},"54":{"start":{"line":55,"column":0},"end":{"line":55,"column":62}},"55":{"start":{"line":56,"column":0},"end":{"line":56,"column":53}},"56":{"start":{"line":57,"column":0},"end":{"line":57,"column":50}},"57":{"start":{"line":58,"column":0},"end":{"line":58,"column":52}},"58":{"start":{"line":59,"column":0},"end":{"line":59,"column":4}},"59":{"start":{"line":60,"column":0},"end":{"line":60,"column":2}}},"s":{"8":1,"9":8,"10":8,"11":8,"12":8,"13":8,"14":8,"15":8,"16":17,"17":17,"18":2,"19":2,"20":17,"21":4,"22":4,"23":1,"24":1,"25":1,"26":1,"28":1,"29":4,"30":4,"31":4,"32":17,"33":3,"34":3,"35":3,"36":17,"37":3,"38":3,"39":3,"40":17,"41":3,"42":3,"43":1,"44":1,"45":1,"46":1,"48":1,"49":3,"50":3,"51":3,"52":17,"53":8,"54":8,"55":8,"56":8,"57":8,"58":8,"59":8},"branchMap":{"0":{"type":"branch","line":9,"loc":{"start":{"line":9,"column":34},"end":{"line":60,"column":2}},"locations":[{"start":{"line":9,"column":34},"end":{"line":60,"column":2}}]},"1":{"type":"branch","line":16,"loc":{"start":{"line":16,"column":32},"end":{"line":53,"column":3}},"locations":[{"start":{"line":16,"column":32},"end":{"line":53,"column":3}}]},"2":{"type":"branch","line":18,"loc":{"start":{"line":18,"column":34},"end":{"line":20,"column":5}},"locations":[{"start":{"line":18,"column":34},"end":{"line":20,"column":5}}]},"3":{"type":"branch","line":20,"loc":{"start":{"line":20,"column":4},"end":{"line":21,"column":37}},"locations":[{"start":{"line":20,"column":4},"end":{"line":21,"column":37}}]},"4":{"type":"branch","line":21,"loc":{"start":{"line":21,"column":37},"end":{"line":32,"column":5}},"locations":[{"start":{"line":21,"column":37},"end":{"line":32,"column":5}}]},"5":{"type":"branch","line":23,"loc":{"start":{"line":23,"column":41},"end":{"line":29,"column":7}},"locations":[{"start":{"line":23,"column":41},"end":{"line":29,"column":7}}]},"6":{"type":"branch","line":32,"loc":{"start":{"line":32,"column":4},"end":{"line":33,"column":33}},"locations":[{"start":{"line":32,"column":4},"end":{"line":33,"column":33}}]},"7":{"type":"branch","line":33,"loc":{"start":{"line":33,"column":33},"end":{"line":36,"column":5}},"locations":[{"start":{"line":33,"column":33},"end":{"line":36,"column":5}}]},"8":{"type":"branch","line":36,"loc":{"start":{"line":36,"column":4},"end":{"line":37,"column":33}},"locations":[{"start":{"line":36,"column":4},"end":{"line":37,"column":33}}]},"9":{"type":"branch","line":37,"loc":{"start":{"line":37,"column":33},"end":{"line":40,"column":5}},"locations":[{"start":{"line":37,"column":33},"end":{"line":40,"column":5}}]},"10":{"type":"branch","line":40,"loc":{"start":{"line":40,"column":4},"end":{"line":41,"column":34}},"locations":[{"start":{"line":40,"column":4},"end":{"line":41,"column":34}}]},"11":{"type":"branch","line":41,"loc":{"start":{"line":41,"column":34},"end":{"line":52,"column":5}},"locations":[{"start":{"line":41,"column":34},"end":{"line":52,"column":5}}]},"12":{"type":"branch","line":43,"loc":{"start":{"line":43,"column":41},"end":{"line":49,"column":7}},"locations":[{"start":{"line":43,"column":41},"end":{"line":49,"column":7}}]},"13":{"type":"branch","line":55,"loc":{"start":{"line":55,"column":29},"end":{"line":55,"column":52}},"locations":[{"start":{"line":55,"column":29},"end":{"line":55,"column":52}}]},"14":{"type":"branch","line":55,"loc":{"start":{"line":55,"column":38},"end":{"line":55,"column":62}},"locations":[{"start":{"line":55,"column":38},"end":{"line":55,"column":62}}]},"15":{"type":"branch","line":56,"loc":{"start":{"line":56,"column":23},"end":{"line":56,"column":43}},"locations":[{"start":{"line":56,"column":23},"end":{"line":56,"column":43}}]},"16":{"type":"branch","line":56,"loc":{"start":{"line":56,"column":32},"end":{"line":56,"column":53}},"locations":[{"start":{"line":56,"column":32},"end":{"line":56,"column":53}}]},"17":{"type":"branch","line":57,"loc":{"start":{"line":57,"column":21},"end":{"line":57,"column":40}},"locations":[{"start":{"line":57,"column":21},"end":{"line":57,"column":40}}]},"18":{"type":"branch","line":57,"loc":{"start":{"line":57,"column":30},"end":{"line":57,"column":50}},"locations":[{"start":{"line":57,"column":30},"end":{"line":57,"column":50}}]},"19":{"type":"branch","line":58,"loc":{"start":{"line":58,"column":23},"end":{"line":58,"column":43}},"locations":[{"start":{"line":58,"column":23},"end":{"line":58,"column":43}}]},"20":{"type":"branch","line":58,"loc":{"start":{"line":58,"column":32},"end":{"line":58,"column":52}},"locations":[{"start":{"line":58,"column":32},"end":{"line":58,"column":52}}]}},"b":{"0":[8],"1":[17],"2":[2],"3":[15],"4":[4],"5":[1],"6":[11],"7":[3],"8":[8],"9":[3],"10":[5],"11":[3],"12":[1],"13":[3],"14":[5],"15":[2],"16":[6],"17":[2],"18":[6],"19":[2],"20":[6]},"fnMap":{"0":{"name":"loadDynamicModules","decl":{"start":{"line":9,"column":34},"end":{"line":60,"column":2}},"loc":{"start":{"line":9,"column":34},"end":{"line":60,"column":2}},"line":9}},"f":{"0":8}}
,"/code/personal/node-c/repo/packages/core/src/domain/entityService/domain.entity.service.ts": {"path":"/code/personal/node-c/repo/packages/core/src/domain/entityService/domain.entity.service.ts","all":false,"statementMap":{"13":{"start":{"line":14,"column":0},"end":{"line":14,"column":109}},"14":{"start":{"line":15,"column":0},"end":{"line":15,"column":14}},"16":{"start":{"line":17,"column":0},"end":{"line":17,"column":53}},"17":{"start":{"line":18,"column":0},"end":{"line":18,"column":6}},"21":{"start":{"line":22,"column":0},"end":{"line":22,"column":55}},"22":{"start":{"line":23,"column":0},"end":{"line":23,"column":64}},"23":{"start":{"line":24,"column":0},"end":{"line":24,"column":3}},"27":{"start":{"line":28,"column":0},"end":{"line":28,"column":54}},"28":{"start":{"line":29,"column":0},"end":{"line":29,"column":60}},"29":{"start":{"line":30,"column":0},"end":{"line":30,"column":3}},"33":{"start":{"line":34,"column":0},"end":{"line":34,"column":63}},"34":{"start":{"line":35,"column":0},"end":{"line":35,"column":57}},"35":{"start":{"line":36,"column":0},"end":{"line":36,"column":3}},"39":{"start":{"line":40,"column":0},"end":{"line":40,"column":66}},"40":{"start":{"line":41,"column":0},"end":{"line":41,"column":55}},"41":{"start":{"line":42,"column":0},"end":{"line":42,"column":3}},"45":{"start":{"line":46,"column":0},"end":{"line":46,"column":66}},"46":{"start":{"line":47,"column":0},"end":{"line":47,"column":58}},"47":{"start":{"line":48,"column":0},"end":{"line":48,"column":3}},"51":{"start":{"line":52,"column":0},"end":{"line":52,"column":85}},"52":{"start":{"line":53,"column":0},"end":{"line":53,"column":63}},"53":{"start":{"line":54,"column":0},"end":{"line":54,"column":3}},"54":{"start":{"line":55,"column":0},"end":{"line":55,"column":1}}},"s":{"13":1,"14":1,"16":12,"17":12,"21":1,"22":2,"23":2,"27":1,"28":2,"29":2,"33":1,"34":2,"35":2,"39":1,"40":2,"41":2,"45":1,"46":2,"47":2,"51":1,"52":2,"53":2,"54":1},"branchMap":{"0":{"type":"branch","line":15,"loc":{"start":{"line":15,"column":2},"end":{"line":18,"column":6}},"locations":[{"start":{"line":15,"column":2},"end":{"line":18,"column":6}}]},"1":{"type":"branch","line":22,"loc":{"start":{"line":22,"column":2},"end":{"line":24,"column":3}},"locations":[{"start":{"line":22,"column":2},"end":{"line":24,"column":3}}]},"2":{"type":"branch","line":28,"loc":{"start":{"line":28,"column":2},"end":{"line":30,"column":3}},"locations":[{"start":{"line":28,"column":2},"end":{"line":30,"column":3}}]},"3":{"type":"branch","line":34,"loc":{"start":{"line":34,"column":2},"end":{"line":36,"column":3}},"locations":[{"start":{"line":34,"column":2},"end":{"line":36,"column":3}}]},"4":{"type":"branch","line":40,"loc":{"start":{"line":40,"column":2},"end":{"line":42,"column":3}},"locations":[{"start":{"line":40,"column":2},"end":{"line":42,"column":3}}]},"5":{"type":"branch","line":46,"loc":{"start":{"line":46,"column":2},"end":{"line":48,"column":3}},"locations":[{"start":{"line":46,"column":2},"end":{"line":48,"column":3}}]},"6":{"type":"branch","line":52,"loc":{"start":{"line":52,"column":2},"end":{"line":54,"column":3}},"locations":[{"start":{"line":52,"column":2},"end":{"line":54,"column":3}}]}},"b":{"0":[12],"1":[2],"2":[2],"3":[2],"4":[2],"5":[2],"6":[2]},"fnMap":{"0":{"name":"DomainPersistanceEntityService","decl":{"start":{"line":15,"column":2},"end":{"line":18,"column":6}},"loc":{"start":{"line":15,"column":2},"end":{"line":18,"column":6}},"line":15},"1":{"name":"bulkCreate","decl":{"start":{"line":22,"column":2},"end":{"line":24,"column":3}},"loc":{"start":{"line":22,"column":2},"end":{"line":24,"column":3}},"line":22},"2":{"name":"create","decl":{"start":{"line":28,"column":2},"end":{"line":30,"column":3}},"loc":{"start":{"line":28,"column":2},"end":{"line":30,"column":3}},"line":28},"3":{"name":"delete","decl":{"start":{"line":34,"column":2},"end":{"line":36,"column":3}},"loc":{"start":{"line":34,"column":2},"end":{"line":36,"column":3}},"line":34},"4":{"name":"find","decl":{"start":{"line":40,"column":2},"end":{"line":42,"column":3}},"loc":{"start":{"line":40,"column":2},"end":{"line":42,"column":3}},"line":40},"5":{"name":"findOne","decl":{"start":{"line":46,"column":2},"end":{"line":48,"column":3}},"loc":{"start":{"line":46,"column":2},"end":{"line":48,"column":3}},"line":46},"6":{"name":"update","decl":{"start":{"line":52,"column":2},"end":{"line":54,"column":3}},"loc":{"start":{"line":52,"column":2},"end":{"line":54,"column":3}},"line":52}},"f":{"0":12,"1":2,"2":2,"3":2,"4":2,"5":2,"6":2}}
,"/code/personal/node-c/repo/packages/core/src/domain/entityService/index.ts": {"path":"/code/personal/node-c/repo/packages/core/src/domain/entityService/index.ts","all":false,"statementMap":{"0":{"start":{"line":1,"column":0},"end":{"line":1,"column":40}}},"s":{"0":1},"branchMap":{},"b":{},"fnMap":{},"f":{}}
,"/code/personal/node-c/repo/packages/core/src/persistance/entityService/index.ts": {"path":"/code/personal/node-c/repo/packages/core/src/persistance/entityService/index.ts","all":false,"statementMap":{"0":{"start":{"line":1,"column":0},"end":{"line":1,"column":45}},"1":{"start":{"line":2,"column":0},"end":{"line":2,"column":57}}},"s":{"0":1,"1":1},"branchMap":{},"b":{},"fnMap":{},"f":{}}
,"/code/personal/node-c/repo/packages/core/src/persistance/entityService/persistance.entity.service.definitions.ts": {"path":"/code/personal/node-c/repo/packages/core/src/persistance/entityService/persistance.entity.service.definitions.ts","all":false,"statementMap":{"49":{"start":{"line":50,"column":0},"end":{"line":50,"column":28}},"51":{"start":{"line":52,"column":0},"end":{"line":52,"column":23}},"53":{"start":{"line":54,"column":0},"end":{"line":54,"column":25}},"55":{"start":{"line":56,"column":0},"end":{"line":56,"column":17}},"57":{"start":{"line":58,"column":0},"end":{"line":58,"column":22}},"59":{"start":{"line":60,"column":0},"end":{"line":60,"column":30}},"61":{"start":{"line":62,"column":0},"end":{"line":62,"column":19}},"63":{"start":{"line":64,"column":0},"end":{"line":64,"column":27}},"65":{"start":{"line":66,"column":0},"end":{"line":66,"column":17}},"67":{"start":{"line":68,"column":0},"end":{"line":68,"column":19}},"69":{"start":{"line":70,"column":0},"end":{"line":70,"column":15}},"71":{"start":{"line":72,"column":0},"end":{"line":72,"column":12}}},"s":{"49":1,"51":1,"53":1,"55":1,"57":1,"59":1,"61":1,"63":1,"65":1,"67":1,"69":1,"71":1},"branchMap":{"0":{"type":"branch","line":50,"loc":{"start":{"line":50,"column":7},"end":{"line":50,"column":28}},"locations":[{"start":{"line":50,"column":7},"end":{"line":50,"column":28}}]}},"b":{"0":[1]},"fnMap":{},"f":{}}
,"/code/personal/node-c/repo/packages/core/src/persistance/entityService/persistance.entity.service.ts": {"path":"/code/personal/node-c/repo/packages/core/src/persistance/entityService/persistance.entity.service.ts","all":false,"statementMap":{"10":{"start":{"line":11,"column":0},"end":{"line":11,"column":60}},"16":{"start":{"line":17,"column":0},"end":{"line":17,"column":47}},"18":{"start":{"line":19,"column":0},"end":{"line":19,"column":95}},"19":{"start":{"line":20,"column":0},"end":{"line":20,"column":94}},"20":{"start":{"line":21,"column":0},"end":{"line":21,"column":3}},"23":{"start":{"line":24,"column":0},"end":{"line":24,"column":85}},"24":{"start":{"line":25,"column":0},"end":{"line":25,"column":90}},"25":{"start":{"line":26,"column":0},"end":{"line":26,"column":3}},"28":{"start":{"line":29,"column":0},"end":{"line":29,"column":74}},"29":{"start":{"line":30,"column":0},"end":{"line":30,"column":89}},"30":{"start":{"line":31,"column":0},"end":{"line":31,"column":3}},"33":{"start":{"line":34,"column":0},"end":{"line":34,"column":65}},"34":{"start":{"line":35,"column":0},"end":{"line":35,"column":90}},"35":{"start":{"line":36,"column":0},"end":{"line":36,"column":3}},"38":{"start":{"line":39,"column":0},"end":{"line":39,"column":68}},"39":{"start":{"line":40,"column":0},"end":{"line":40,"column":88}},"40":{"start":{"line":41,"column":0},"end":{"line":41,"column":3}},"43":{"start":{"line":44,"column":0},"end":{"line":44,"column":68}},"44":{"start":{"line":45,"column":0},"end":{"line":45,"column":91}},"45":{"start":{"line":46,"column":0},"end":{"line":46,"column":3}},"48":{"start":{"line":49,"column":0},"end":{"line":49,"column":104}},"49":{"start":{"line":50,"column":0},"end":{"line":50,"column":90}},"50":{"start":{"line":51,"column":0},"end":{"line":51,"column":3}},"51":{"start":{"line":52,"column":0},"end":{"line":52,"column":1}}},"s":{"10":1,"16":1,"18":1,"19":3,"20":3,"23":1,"24":3,"25":3,"28":1,"29":3,"30":3,"33":1,"34":3,"35":3,"38":1,"39":3,"40":3,"43":1,"44":3,"45":3,"48":1,"49":3,"50":3,"51":1},"branchMap":{"0":{"type":"branch","line":19,"loc":{"start":{"line":19,"column":2},"end":{"line":21,"column":3}},"locations":[{"start":{"line":19,"column":2},"end":{"line":21,"column":3}}]},"1":{"type":"branch","line":24,"loc":{"start":{"line":24,"column":2},"end":{"line":26,"column":3}},"locations":[{"start":{"line":24,"column":2},"end":{"line":26,"column":3}}]},"2":{"type":"branch","line":29,"loc":{"start":{"line":29,"column":2},"end":{"line":31,"column":3}},"locations":[{"start":{"line":29,"column":2},"end":{"line":31,"column":3}}]},"3":{"type":"branch","line":34,"loc":{"start":{"line":34,"column":9},"end":{"line":36,"column":3}},"locations":[{"start":{"line":34,"column":9},"end":{"line":36,"column":3}}]},"4":{"type":"branch","line":39,"loc":{"start":{"line":39,"column":9},"end":{"line":41,"column":3}},"locations":[{"start":{"line":39,"column":9},"end":{"line":41,"column":3}}]},"5":{"type":"branch","line":44,"loc":{"start":{"line":44,"column":9},"end":{"line":46,"column":3}},"locations":[{"start":{"line":44,"column":9},"end":{"line":46,"column":3}}]},"6":{"type":"branch","line":49,"loc":{"start":{"line":49,"column":2},"end":{"line":51,"column":3}},"locations":[{"start":{"line":49,"column":2},"end":{"line":51,"column":3}}]}},"b":{"0":[3],"1":[3],"2":[3],"3":[3],"4":[3],"5":[3],"6":[3]},"fnMap":{"0":{"name":"bulkCreate","decl":{"start":{"line":19,"column":2},"end":{"line":21,"column":3}},"loc":{"start":{"line":19,"column":2},"end":{"line":21,"column":3}},"line":19},"1":{"name":"create","decl":{"start":{"line":24,"column":2},"end":{"line":26,"column":3}},"loc":{"start":{"line":24,"column":2},"end":{"line":26,"column":3}},"line":24},"2":{"name":"count","decl":{"start":{"line":29,"column":2},"end":{"line":31,"column":3}},"loc":{"start":{"line":29,"column":2},"end":{"line":31,"column":3}},"line":29},"3":{"name":"delete","decl":{"start":{"line":34,"column":9},"end":{"line":36,"column":3}},"loc":{"start":{"line":34,"column":9},"end":{"line":36,"column":3}},"line":34},"4":{"name":"find","decl":{"start":{"line":39,"column":9},"end":{"line":41,"column":3}},"loc":{"start":{"line":39,"column":9},"end":{"line":41,"column":3}},"line":39},"5":{"name":"findOne","decl":{"start":{"line":44,"column":9},"end":{"line":46,"column":3}},"loc":{"start":{"line":44,"column":9},"end":{"line":46,"column":3}},"line":44},"6":{"name":"update","decl":{"start":{"line":49,"column":2},"end":{"line":51,"column":3}},"loc":{"start":{"line":49,"column":2},"end":{"line":51,"column":3}},"line":49}},"f":{"0":3,"1":3,"2":3,"3":3,"4":3,"5":3,"6":3}}
}
