{"/code/personal/node-c/repo/packages/core/src/app.ts": {"path":"/code/personal/node-c/repo/packages/core/src/app.ts","all":true,"statementMap":{"0":{"start":{"line":1,"column":0},"end":{"line":1,"column":29}},"2":{"start":{"line":3,"column":0},"end":{"line":3,"column":78}},"3":{"start":{"line":4,"column":0},"end":{"line":4,"column":43}},"4":{"start":{"line":5,"column":0},"end":{"line":5,"column":28}},"6":{"start":{"line":7,"column":0},"end":{"line":7,"column":104}},"21":{"start":{"line":22,"column":0},"end":{"line":22,"column":23}},"23":{"start":{"line":24,"column":0},"end":{"line":24,"column":118}},"24":{"start":{"line":25,"column":0},"end":{"line":25,"column":118}},"25":{"start":{"line":26,"column":0},"end":{"line":26,"column":59}},"26":{"start":{"line":27,"column":0},"end":{"line":27,"column":49}},"27":{"start":{"line":28,"column":0},"end":{"line":28,"column":38}},"29":{"start":{"line":30,"column":0},"end":{"line":30,"column":28}},"30":{"start":{"line":31,"column":0},"end":{"line":31,"column":64}},"31":{"start":{"line":32,"column":0},"end":{"line":32,"column":80}},"32":{"start":{"line":33,"column":0},"end":{"line":33,"column":30}},"33":{"start":{"line":34,"column":0},"end":{"line":34,"column":74}},"34":{"start":{"line":35,"column":0},"end":{"line":35,"column":48}},"35":{"start":{"line":36,"column":0},"end":{"line":36,"column":47}},"36":{"start":{"line":37,"column":0},"end":{"line":37,"column":65}},"37":{"start":{"line":38,"column":0},"end":{"line":38,"column":53}},"38":{"start":{"line":39,"column":0},"end":{"line":39,"column":109}},"39":{"start":{"line":40,"column":0},"end":{"line":40,"column":113}},"40":{"start":{"line":41,"column":0},"end":{"line":41,"column":98}},"41":{"start":{"line":42,"column":0},"end":{"line":42,"column":15}},"42":{"start":{"line":43,"column":0},"end":{"line":43,"column":22}},"43":{"start":{"line":44,"column":0},"end":{"line":44,"column":13}},"44":{"start":{"line":45,"column":0},"end":{"line":45,"column":9}},"45":{"start":{"line":46,"column":0},"end":{"line":46,"column":7}},"46":{"start":{"line":47,"column":0},"end":{"line":47,"column":5}},"47":{"start":{"line":48,"column":0},"end":{"line":48,"column":56}},"48":{"start":{"line":49,"column":0},"end":{"line":49,"column":41}},"49":{"start":{"line":50,"column":0},"end":{"line":50,"column":79}},"50":{"start":{"line":51,"column":0},"end":{"line":51,"column":9}},"51":{"start":{"line":52,"column":0},"end":{"line":52,"column":5}},"52":{"start":{"line":53,"column":0},"end":{"line":53,"column":33}},"54":{"start":{"line":55,"column":0},"end":{"line":55,"column":81}},"55":{"start":{"line":56,"column":0},"end":{"line":56,"column":56}},"56":{"start":{"line":57,"column":0},"end":{"line":57,"column":27}},"57":{"start":{"line":58,"column":0},"end":{"line":58,"column":23}},"58":{"start":{"line":59,"column":0},"end":{"line":59,"column":17}},"59":{"start":{"line":60,"column":0},"end":{"line":60,"column":7}},"60":{"start":{"line":61,"column":0},"end":{"line":61,"column":20}},"61":{"start":{"line":62,"column":0},"end":{"line":62,"column":55}},"62":{"start":{"line":63,"column":0},"end":{"line":63,"column":7}},"63":{"start":{"line":64,"column":0},"end":{"line":64,"column":41}},"64":{"start":{"line":65,"column":0},"end":{"line":65,"column":50}},"66":{"start":{"line":67,"column":0},"end":{"line":67,"column":22}},"68":{"start":{"line":69,"column":0},"end":{"line":69,"column":32}},"69":{"start":{"line":70,"column":0},"end":{"line":70,"column":27}},"70":{"start":{"line":71,"column":0},"end":{"line":71,"column":30}},"71":{"start":{"line":72,"column":0},"end":{"line":72,"column":27}},"72":{"start":{"line":73,"column":0},"end":{"line":73,"column":12}},"73":{"start":{"line":74,"column":0},"end":{"line":74,"column":10}},"74":{"start":{"line":75,"column":0},"end":{"line":75,"column":45}},"75":{"start":{"line":76,"column":0},"end":{"line":76,"column":31}},"76":{"start":{"line":77,"column":0},"end":{"line":77,"column":63}},"77":{"start":{"line":78,"column":0},"end":{"line":78,"column":90}},"78":{"start":{"line":79,"column":0},"end":{"line":79,"column":9}},"79":{"start":{"line":80,"column":0},"end":{"line":80,"column":7}},"80":{"start":{"line":81,"column":0},"end":{"line":81,"column":21}},"81":{"start":{"line":82,"column":0},"end":{"line":82,"column":5}},"82":{"start":{"line":83,"column":0},"end":{"line":83,"column":16}},"83":{"start":{"line":84,"column":0},"end":{"line":84,"column":3}},"84":{"start":{"line":85,"column":0},"end":{"line":85,"column":1}}},"s":{"0":0,"2":0,"3":0,"4":0,"6":0,"21":0,"23":0,"24":0,"25":0,"26":0,"27":0,"29":0,"30":0,"31":0,"32":0,"33":0,"34":0,"35":0,"36":0,"37":0,"38":0,"39":0,"40":0,"41":0,"42":0,"43":0,"44":0,"45":0,"46":0,"47":0,"48":0,"49":0,"50":0,"51":0,"52":0,"54":0,"55":0,"56":0,"57":0,"58":0,"59":0,"60":0,"61":0,"62":0,"63":0,"64":0,"66":0,"68":0,"69":0,"70":0,"71":0,"72":0,"73":0,"74":0,"75":0,"76":0,"77":0,"78":0,"79":0,"80":0,"81":0,"82":0,"83":0,"84":0},"branchMap":{"0":{"type":"branch","line":1,"loc":{"start":{"line":1,"column":3386},"end":{"line":85,"column":1}},"locations":[{"start":{"line":1,"column":3386},"end":{"line":85,"column":1}}]}},"b":{"0":[0]},"fnMap":{"0":{"name":"(empty-report)","decl":{"start":{"line":1,"column":3386},"end":{"line":85,"column":1}},"loc":{"start":{"line":1,"column":3386},"end":{"line":85,"column":1}},"line":1}},"f":{"0":0}}
,"/code/personal/node-c/repo/packages/core/src/index.ts": {"path":"/code/personal/node-c/repo/packages/core/src/index.ts","all":true,"statementMap":{"0":{"start":{"line":1,"column":0},"end":{"line":1,"column":22}},"1":{"start":{"line":2,"column":0},"end":{"line":2,"column":40}},"2":{"start":{"line":3,"column":0},"end":{"line":3,"column":37}},"3":{"start":{"line":4,"column":0},"end":{"line":4,"column":31}},"4":{"start":{"line":5,"column":0},"end":{"line":5,"column":39}},"5":{"start":{"line":6,"column":0},"end":{"line":6,"column":44}}},"s":{"0":0,"1":0,"2":0,"3":0,"4":0,"5":0},"branchMap":{"0":{"type":"branch","line":1,"loc":{"start":{"line":1,"column":0},"end":{"line":6,"column":-111}},"locations":[{"start":{"line":1,"column":0},"end":{"line":6,"column":-111}}]}},"b":{"0":[0]},"fnMap":{"0":{"name":"(empty-report)","decl":{"start":{"line":1,"column":0},"end":{"line":6,"column":-111}},"loc":{"start":{"line":1,"column":0},"end":{"line":6,"column":-111}},"line":1}},"f":{"0":0}}
,"/code/personal/node-c/repo/packages/core/src/common/configProvider/configProvider.definitions.ts": {"path":"/code/personal/node-c/repo/packages/core/src/common/configProvider/configProvider.definitions.ts","all":false,"statementMap":{"5":{"start":{"line":6,"column":0},"end":{"line":6,"column":63}},"6":{"start":{"line":7,"column":0},"end":{"line":7,"column":8}},"7":{"start":{"line":8,"column":0},"end":{"line":8,"column":11}},"8":{"start":{"line":9,"column":0},"end":{"line":9,"column":27}},"9":{"start":{"line":10,"column":0},"end":{"line":10,"column":18}},"10":{"start":{"line":11,"column":0},"end":{"line":11,"column":6}},"11":{"start":{"line":12,"column":0},"end":{"line":12,"column":11}},"12":{"start":{"line":13,"column":0},"end":{"line":13,"column":27}},"13":{"start":{"line":14,"column":0},"end":{"line":14,"column":18}},"14":{"start":{"line":15,"column":0},"end":{"line":15,"column":5}},"15":{"start":{"line":16,"column":0},"end":{"line":16,"column":4}},"16":{"start":{"line":17,"column":0},"end":{"line":17,"column":11}},"17":{"start":{"line":18,"column":0},"end":{"line":18,"column":10}},"18":{"start":{"line":19,"column":0},"end":{"line":19,"column":43}},"19":{"start":{"line":20,"column":0},"end":{"line":20,"column":44}},"20":{"start":{"line":21,"column":0},"end":{"line":21,"column":5}},"21":{"start":{"line":22,"column":0},"end":{"line":22,"column":4}},"22":{"start":{"line":23,"column":0},"end":{"line":23,"column":16}},"23":{"start":{"line":24,"column":0},"end":{"line":24,"column":12}},"24":{"start":{"line":25,"column":0},"end":{"line":25,"column":19}},"25":{"start":{"line":26,"column":0},"end":{"line":26,"column":27}},"26":{"start":{"line":27,"column":0},"end":{"line":27,"column":19}},"27":{"start":{"line":28,"column":0},"end":{"line":28,"column":18}},"28":{"start":{"line":29,"column":0},"end":{"line":29,"column":6}},"29":{"start":{"line":30,"column":0},"end":{"line":30,"column":10}},"30":{"start":{"line":31,"column":0},"end":{"line":31,"column":19}},"31":{"start":{"line":32,"column":0},"end":{"line":32,"column":27}},"32":{"start":{"line":33,"column":0},"end":{"line":33,"column":19}},"33":{"start":{"line":34,"column":0},"end":{"line":34,"column":18}},"34":{"start":{"line":35,"column":0},"end":{"line":35,"column":5}},"35":{"start":{"line":36,"column":0},"end":{"line":36,"column":3}},"36":{"start":{"line":37,"column":0},"end":{"line":37,"column":2}},"44":{"start":{"line":45,"column":0},"end":{"line":45,"column":87}},"45":{"start":{"line":46,"column":0},"end":{"line":46,"column":8}},"46":{"start":{"line":47,"column":0},"end":{"line":47,"column":15}},"47":{"start":{"line":48,"column":0},"end":{"line":48,"column":19}},"48":{"start":{"line":49,"column":0},"end":{"line":49,"column":18}},"49":{"start":{"line":50,"column":0},"end":{"line":50,"column":6}},"50":{"start":{"line":51,"column":0},"end":{"line":51,"column":15}},"51":{"start":{"line":52,"column":0},"end":{"line":52,"column":4}},"52":{"start":{"line":53,"column":0},"end":{"line":53,"column":11}},"53":{"start":{"line":54,"column":0},"end":{"line":54,"column":15}},"54":{"start":{"line":55,"column":0},"end":{"line":55,"column":16}},"55":{"start":{"line":56,"column":0},"end":{"line":56,"column":6}},"56":{"start":{"line":57,"column":0},"end":{"line":57,"column":18}},"57":{"start":{"line":58,"column":0},"end":{"line":58,"column":4}},"58":{"start":{"line":59,"column":0},"end":{"line":59,"column":16}},"59":{"start":{"line":60,"column":0},"end":{"line":60,"column":15}},"60":{"start":{"line":61,"column":0},"end":{"line":61,"column":15}},"61":{"start":{"line":62,"column":0},"end":{"line":62,"column":20}},"62":{"start":{"line":63,"column":0},"end":{"line":63,"column":6}},"63":{"start":{"line":64,"column":0},"end":{"line":64,"column":23}},"64":{"start":{"line":65,"column":0},"end":{"line":65,"column":3}},"65":{"start":{"line":66,"column":0},"end":{"line":66,"column":2}},"184":{"start":{"line":185,"column":0},"end":{"line":185,"column":28}},"186":{"start":{"line":187,"column":0},"end":{"line":187,"column":30}},"188":{"start":{"line":189,"column":0},"end":{"line":189,"column":18}},"190":{"start":{"line":191,"column":0},"end":{"line":191,"column":28}},"192":{"start":{"line":193,"column":0},"end":{"line":193,"column":21}},"213":{"start":{"line":214,"column":0},"end":{"line":214,"column":23}},"215":{"start":{"line":216,"column":0},"end":{"line":216,"column":17}},"219":{"start":{"line":220,"column":0},"end":{"line":220,"column":21}},"221":{"start":{"line":222,"column":0},"end":{"line":222,"column":28}},"223":{"start":{"line":224,"column":0},"end":{"line":224,"column":18}},"225":{"start":{"line":226,"column":0},"end":{"line":226,"column":11}}},"s":{"5":1,"6":1,"7":1,"8":1,"9":1,"10":1,"11":1,"12":1,"13":1,"14":1,"15":1,"16":1,"17":1,"18":1,"19":1,"20":1,"21":1,"22":1,"23":1,"24":1,"25":1,"26":1,"27":1,"28":1,"29":1,"30":1,"31":1,"32":1,"33":1,"34":1,"35":1,"36":1,"44":1,"45":1,"46":1,"47":1,"48":1,"49":1,"50":1,"51":1,"52":1,"53":1,"54":1,"55":1,"56":1,"57":1,"58":1,"59":1,"60":1,"61":1,"62":1,"63":1,"64":1,"65":1,"184":1,"186":1,"188":1,"190":1,"192":1,"213":1,"215":1,"219":1,"221":1,"223":1,"225":1},"branchMap":{"0":{"type":"branch","line":185,"loc":{"start":{"line":185,"column":7},"end":{"line":185,"column":28}},"locations":[{"start":{"line":185,"column":7},"end":{"line":185,"column":28}}]},"1":{"type":"branch","line":214,"loc":{"start":{"line":214,"column":7},"end":{"line":214,"column":23}},"locations":[{"start":{"line":214,"column":7},"end":{"line":214,"column":23}}]},"2":{"type":"branch","line":220,"loc":{"start":{"line":220,"column":7},"end":{"line":220,"column":21}},"locations":[{"start":{"line":220,"column":7},"end":{"line":220,"column":21}}]}},"b":{"0":[1],"1":[1],"2":[1]},"fnMap":{},"f":{}}
,"/code/personal/node-c/repo/packages/core/src/common/configProvider/configProvider.module.ts": {"path":"/code/personal/node-c/repo/packages/core/src/common/configProvider/configProvider.module.ts","all":true,"statementMap":{"0":{"start":{"line":1,"column":0},"end":{"line":1,"column":55}},"3":{"start":{"line":4,"column":0},"end":{"line":4,"column":65}},"5":{"start":{"line":6,"column":0},"end":{"line":6,"column":43}},"7":{"start":{"line":8,"column":0},"end":{"line":8,"column":11}},"8":{"start":{"line":9,"column":0},"end":{"line":9,"column":35}},"9":{"start":{"line":10,"column":0},"end":{"line":10,"column":72}},"10":{"start":{"line":11,"column":0},"end":{"line":11,"column":64}},"11":{"start":{"line":12,"column":0},"end":{"line":12,"column":12}},"12":{"start":{"line":13,"column":0},"end":{"line":13,"column":19}},"13":{"start":{"line":14,"column":0},"end":{"line":14,"column":35}},"14":{"start":{"line":15,"column":0},"end":{"line":15,"column":18}},"15":{"start":{"line":16,"column":0},"end":{"line":16,"column":9}},"16":{"start":{"line":17,"column":0},"end":{"line":17,"column":36}},"17":{"start":{"line":18,"column":0},"end":{"line":18,"column":117}},"18":{"start":{"line":19,"column":0},"end":{"line":19,"column":10}},"19":{"start":{"line":20,"column":0},"end":{"line":20,"column":29}},"20":{"start":{"line":21,"column":0},"end":{"line":21,"column":8}},"21":{"start":{"line":22,"column":0},"end":{"line":22,"column":56}},"22":{"start":{"line":23,"column":0},"end":{"line":23,"column":6}},"23":{"start":{"line":24,"column":0},"end":{"line":24,"column":3}},"24":{"start":{"line":25,"column":0},"end":{"line":25,"column":1}}},"s":{"0":0,"3":0,"5":0,"7":0,"8":0,"9":0,"10":0,"11":0,"12":0,"13":0,"14":0,"15":0,"16":0,"17":0,"18":0,"19":0,"20":0,"21":0,"22":0,"23":0,"24":0},"branchMap":{"0":{"type":"branch","line":1,"loc":{"start":{"line":1,"column":803},"end":{"line":25,"column":1}},"locations":[{"start":{"line":1,"column":803},"end":{"line":25,"column":1}}]}},"b":{"0":[0]},"fnMap":{"0":{"name":"(empty-report)","decl":{"start":{"line":1,"column":803},"end":{"line":25,"column":1}},"loc":{"start":{"line":1,"column":803},"end":{"line":25,"column":1}},"line":1}},"f":{"0":0}}
,"/code/personal/node-c/repo/packages/core/src/common/configProvider/configProvider.service.ts": {"path":"/code/personal/node-c/repo/packages/core/src/common/configProvider/configProvider.service.ts","all":false,"statementMap":{"0":{"start":{"line":1,"column":0},"end":{"line":1,"column":34}},"1":{"start":{"line":2,"column":0},"end":{"line":2,"column":29}},"3":{"start":{"line":4,"column":0},"end":{"line":4,"column":52}},"4":{"start":{"line":5,"column":0},"end":{"line":5,"column":51}},"5":{"start":{"line":6,"column":0},"end":{"line":6,"column":28}},"6":{"start":{"line":7,"column":0},"end":{"line":7,"column":39}},"8":{"start":{"line":9,"column":0},"end":{"line":9,"column":8}},"18":{"start":{"line":19,"column":0},"end":{"line":19,"column":43}},"20":{"start":{"line":21,"column":0},"end":{"line":21,"column":13}},"21":{"start":{"line":22,"column":0},"end":{"line":22,"column":91}},"22":{"start":{"line":23,"column":0},"end":{"line":23,"column":14}},"23":{"start":{"line":24,"column":0},"end":{"line":24,"column":29}},"25":{"start":{"line":26,"column":0},"end":{"line":26,"column":28}},"26":{"start":{"line":27,"column":0},"end":{"line":27,"column":6}},"29":{"start":{"line":30,"column":0},"end":{"line":30,"column":88}},"30":{"start":{"line":31,"column":0},"end":{"line":31,"column":22}},"31":{"start":{"line":32,"column":0},"end":{"line":32,"column":37}},"32":{"start":{"line":33,"column":0},"end":{"line":33,"column":20}},"33":{"start":{"line":34,"column":0},"end":{"line":34,"column":11}},"34":{"start":{"line":35,"column":0},"end":{"line":35,"column":35}},"35":{"start":{"line":36,"column":0},"end":{"line":36,"column":17}},"36":{"start":{"line":37,"column":0},"end":{"line":37,"column":15}},"37":{"start":{"line":38,"column":0},"end":{"line":38,"column":102}},"38":{"start":{"line":39,"column":0},"end":{"line":39,"column":98}},"39":{"start":{"line":40,"column":0},"end":{"line":40,"column":62}},"40":{"start":{"line":41,"column":0},"end":{"line":41,"column":34}},"41":{"start":{"line":42,"column":0},"end":{"line":42,"column":99}},"42":{"start":{"line":43,"column":0},"end":{"line":43,"column":37}},"43":{"start":{"line":44,"column":0},"end":{"line":44,"column":38}},"44":{"start":{"line":45,"column":0},"end":{"line":45,"column":44}},"45":{"start":{"line":46,"column":0},"end":{"line":46,"column":39}},"46":{"start":{"line":47,"column":0},"end":{"line":47,"column":17}},"47":{"start":{"line":48,"column":0},"end":{"line":48,"column":7}},"48":{"start":{"line":49,"column":0},"end":{"line":49,"column":70}},"49":{"start":{"line":50,"column":0},"end":{"line":50,"column":66}},"50":{"start":{"line":51,"column":0},"end":{"line":51,"column":41}},"51":{"start":{"line":52,"column":0},"end":{"line":52,"column":57}},"52":{"start":{"line":53,"column":0},"end":{"line":53,"column":55}},"53":{"start":{"line":54,"column":0},"end":{"line":54,"column":75}},"54":{"start":{"line":55,"column":0},"end":{"line":55,"column":19}},"55":{"start":{"line":56,"column":0},"end":{"line":56,"column":9}},"56":{"start":{"line":57,"column":0},"end":{"line":57,"column":59}},"57":{"start":{"line":58,"column":0},"end":{"line":58,"column":78}},"58":{"start":{"line":59,"column":0},"end":{"line":59,"column":19}},"59":{"start":{"line":60,"column":0},"end":{"line":60,"column":9}},"60":{"start":{"line":61,"column":0},"end":{"line":61,"column":7}},"61":{"start":{"line":62,"column":0},"end":{"line":62,"column":5}},"62":{"start":{"line":63,"column":0},"end":{"line":63,"column":23}},"63":{"start":{"line":64,"column":0},"end":{"line":64,"column":65}},"64":{"start":{"line":65,"column":0},"end":{"line":65,"column":21}},"65":{"start":{"line":66,"column":0},"end":{"line":66,"column":49}},"66":{"start":{"line":67,"column":0},"end":{"line":67,"column":34}},"67":{"start":{"line":68,"column":0},"end":{"line":68,"column":40}},"68":{"start":{"line":69,"column":0},"end":{"line":69,"column":52}},"69":{"start":{"line":70,"column":0},"end":{"line":70,"column":16}},"70":{"start":{"line":71,"column":0},"end":{"line":71,"column":41}},"71":{"start":{"line":72,"column":0},"end":{"line":72,"column":11}},"72":{"start":{"line":73,"column":0},"end":{"line":73,"column":10}},"73":{"start":{"line":74,"column":0},"end":{"line":74,"column":7}},"74":{"start":{"line":75,"column":0},"end":{"line":75,"column":6}},"75":{"start":{"line":76,"column":0},"end":{"line":76,"column":3}},"78":{"start":{"line":79,"column":0},"end":{"line":79,"column":81}},"79":{"start":{"line":80,"column":0},"end":{"line":80,"column":37}},"80":{"start":{"line":81,"column":0},"end":{"line":81,"column":31}},"81":{"start":{"line":82,"column":0},"end":{"line":82,"column":25}},"82":{"start":{"line":83,"column":0},"end":{"line":83,"column":68}},"83":{"start":{"line":84,"column":0},"end":{"line":84,"column":76}},"84":{"start":{"line":85,"column":0},"end":{"line":85,"column":111}},"85":{"start":{"line":86,"column":0},"end":{"line":86,"column":35}},"86":{"start":{"line":87,"column":0},"end":{"line":87,"column":87}},"87":{"start":{"line":88,"column":0},"end":{"line":88,"column":34}},"88":{"start":{"line":89,"column":0},"end":{"line":89,"column":33}},"89":{"start":{"line":90,"column":0},"end":{"line":90,"column":17}},"90":{"start":{"line":91,"column":0},"end":{"line":91,"column":79}},"91":{"start":{"line":92,"column":0},"end":{"line":92,"column":12}},"92":{"start":{"line":93,"column":0},"end":{"line":93,"column":24}},"93":{"start":{"line":94,"column":0},"end":{"line":94,"column":38}},"94":{"start":{"line":95,"column":0},"end":{"line":95,"column":7}},"95":{"start":{"line":96,"column":0},"end":{"line":96,"column":19}},"96":{"start":{"line":97,"column":0},"end":{"line":97,"column":41}},"98":{"start":{"line":99,"column":0},"end":{"line":99,"column":11}},"99":{"start":{"line":100,"column":0},"end":{"line":100,"column":85}},"100":{"start":{"line":101,"column":0},"end":{"line":101,"column":41}},"102":{"start":{"line":103,"column":0},"end":{"line":103,"column":33}},"103":{"start":{"line":104,"column":0},"end":{"line":104,"column":107}},"104":{"start":{"line":105,"column":0},"end":{"line":105,"column":6}},"106":{"start":{"line":107,"column":0},"end":{"line":107,"column":35}},"107":{"start":{"line":108,"column":0},"end":{"line":108,"column":70}},"108":{"start":{"line":109,"column":0},"end":{"line":109,"column":28}},"109":{"start":{"line":110,"column":0},"end":{"line":110,"column":17}},"110":{"start":{"line":111,"column":0},"end":{"line":111,"column":7}},"111":{"start":{"line":112,"column":0},"end":{"line":112,"column":100}},"112":{"start":{"line":113,"column":0},"end":{"line":113,"column":24}},"113":{"start":{"line":114,"column":0},"end":{"line":114,"column":17}},"114":{"start":{"line":115,"column":0},"end":{"line":115,"column":7}},"115":{"start":{"line":116,"column":0},"end":{"line":116,"column":75}},"116":{"start":{"line":117,"column":0},"end":{"line":117,"column":70}},"117":{"start":{"line":118,"column":0},"end":{"line":118,"column":38}},"118":{"start":{"line":119,"column":0},"end":{"line":119,"column":17}},"119":{"start":{"line":120,"column":0},"end":{"line":120,"column":7}},"120":{"start":{"line":121,"column":0},"end":{"line":121,"column":58}},"121":{"start":{"line":122,"column":0},"end":{"line":122,"column":58}},"122":{"start":{"line":123,"column":0},"end":{"line":123,"column":7}},"123":{"start":{"line":124,"column":0},"end":{"line":124,"column":70}},"124":{"start":{"line":125,"column":0},"end":{"line":125,"column":70}},"125":{"start":{"line":126,"column":0},"end":{"line":126,"column":7}},"126":{"start":{"line":127,"column":0},"end":{"line":127,"column":80}},"127":{"start":{"line":128,"column":0},"end":{"line":128,"column":5}},"129":{"start":{"line":130,"column":0},"end":{"line":130,"column":64}},"130":{"start":{"line":131,"column":0},"end":{"line":131,"column":116}},"131":{"start":{"line":132,"column":0},"end":{"line":132,"column":86}},"132":{"start":{"line":133,"column":0},"end":{"line":133,"column":77}},"133":{"start":{"line":134,"column":0},"end":{"line":134,"column":51}},"134":{"start":{"line":135,"column":0},"end":{"line":135,"column":60}},"135":{"start":{"line":136,"column":0},"end":{"line":136,"column":60}},"136":{"start":{"line":137,"column":0},"end":{"line":137,"column":36}},"137":{"start":{"line":138,"column":0},"end":{"line":138,"column":58}},"138":{"start":{"line":139,"column":0},"end":{"line":139,"column":43}},"139":{"start":{"line":140,"column":0},"end":{"line":140,"column":74}},"140":{"start":{"line":141,"column":0},"end":{"line":141,"column":56}},"141":{"start":{"line":142,"column":0},"end":{"line":142,"column":106}},"142":{"start":{"line":143,"column":0},"end":{"line":143,"column":74}},"143":{"start":{"line":144,"column":0},"end":{"line":144,"column":58}},"144":{"start":{"line":145,"column":0},"end":{"line":145,"column":11}},"145":{"start":{"line":146,"column":0},"end":{"line":146,"column":11}},"146":{"start":{"line":147,"column":0},"end":{"line":147,"column":7}},"147":{"start":{"line":148,"column":0},"end":{"line":148,"column":5}},"148":{"start":{"line":149,"column":0},"end":{"line":149,"column":18}},"149":{"start":{"line":150,"column":0},"end":{"line":150,"column":3}},"150":{"start":{"line":151,"column":0},"end":{"line":151,"column":1}}},"s":{"0":1,"1":1,"3":1,"4":1,"5":1,"6":1,"8":1,"18":1,"20":1,"21":1,"22":1,"23":1,"25":1,"26":1,"29":1,"30":4,"31":4,"32":4,"33":4,"34":4,"35":4,"36":4,"37":4,"38":4,"39":4,"40":3,"41":3,"42":3,"43":4,"44":8,"45":8,"46":2,"47":2,"48":6,"49":6,"50":8,"51":18,"52":18,"53":4,"54":4,"55":4,"56":18,"57":4,"58":4,"59":4,"60":18,"61":6,"62":3,"63":3,"64":3,"65":3,"66":3,"67":3,"68":3,"69":3,"70":3,"71":3,"72":3,"73":3,"74":3,"75":4,"78":1,"79":4,"80":4,"81":4,"82":4,"83":4,"84":4,"85":4,"86":4,"87":4,"88":4,"89":4,"90":4,"91":4,"92":4,"93":4,"94":4,"95":4,"96":4,"98":4,"99":4,"100":4,"102":4,"103":4,"104":3,"106":4,"107":24,"108":24,"109":9,"110":9,"111":24,"112":24,"113":9,"114":9,"115":6,"116":6,"117":24,"118":2,"119":2,"120":24,"121":3,"122":3,"123":4,"124":4,"125":4,"126":4,"127":4,"129":3,"130":3,"131":3,"132":3,"133":3,"134":4,"135":4,"136":4,"137":4,"138":4,"139":4,"140":4,"141":8,"142":8,"143":8,"144":8,"145":4,"146":4,"147":3,"148":3,"149":4,"150":1},"branchMap":{"0":{"type":"branch","line":23,"loc":{"start":{"line":23,"column":2},"end":{"line":27,"column":6}},"locations":[{"start":{"line":23,"column":2},"end":{"line":27,"column":6}}]},"1":{"type":"branch","line":30,"loc":{"start":{"line":30,"column":2},"end":{"line":76,"column":3}},"locations":[{"start":{"line":30,"column":2},"end":{"line":76,"column":3}}]},"2":{"type":"branch","line":40,"loc":{"start":{"line":40,"column":60},"end":{"line":44,"column":37}},"locations":[{"start":{"line":40,"column":60},"end":{"line":44,"column":37}}]},"3":{"type":"branch","line":44,"loc":{"start":{"line":44,"column":37},"end":{"line":62,"column":5}},"locations":[{"start":{"line":44,"column":37},"end":{"line":62,"column":5}}]},"4":{"type":"branch","line":46,"loc":{"start":{"line":46,"column":38},"end":{"line":48,"column":7}},"locations":[{"start":{"line":46,"column":38},"end":{"line":48,"column":7}}]},"5":{"type":"branch","line":48,"loc":{"start":{"line":48,"column":6},"end":{"line":51,"column":40}},"locations":[{"start":{"line":48,"column":6},"end":{"line":51,"column":40}}]},"6":{"type":"branch","line":51,"loc":{"start":{"line":51,"column":40},"end":{"line":61,"column":7}},"locations":[{"start":{"line":51,"column":40},"end":{"line":61,"column":7}}]},"7":{"type":"branch","line":53,"loc":{"start":{"line":53,"column":54},"end":{"line":56,"column":9}},"locations":[{"start":{"line":53,"column":54},"end":{"line":56,"column":9}}]},"8":{"type":"branch","line":56,"loc":{"start":{"line":56,"column":8},"end":{"line":57,"column":58}},"locations":[{"start":{"line":56,"column":8},"end":{"line":57,"column":58}}]},"9":{"type":"branch","line":57,"loc":{"start":{"line":57,"column":58},"end":{"line":60,"column":9}},"locations":[{"start":{"line":57,"column":58},"end":{"line":60,"column":9}}]},"10":{"type":"branch","line":61,"loc":{"start":{"line":61,"column":6},"end":{"line":62,"column":5}},"locations":[{"start":{"line":61,"column":6},"end":{"line":62,"column":5}}]},"11":{"type":"branch","line":62,"loc":{"start":{"line":62,"column":4},"end":{"line":75,"column":6}},"locations":[{"start":{"line":62,"column":4},"end":{"line":75,"column":6}}]},"12":{"type":"branch","line":79,"loc":{"start":{"line":79,"column":2},"end":{"line":150,"column":3}},"locations":[{"start":{"line":79,"column":2},"end":{"line":150,"column":3}}]},"13":{"type":"branch","line":83,"loc":{"start":{"line":83,"column":31},"end":{"line":83,"column":68}},"locations":[{"start":{"line":83,"column":31},"end":{"line":83,"column":68}}]},"14":{"type":"branch","line":84,"loc":{"start":{"line":84,"column":32},"end":{"line":84,"column":76}},"locations":[{"start":{"line":84,"column":32},"end":{"line":84,"column":76}}]},"15":{"type":"branch","line":85,"loc":{"start":{"line":85,"column":43},"end":{"line":85,"column":111}},"locations":[{"start":{"line":85,"column":43},"end":{"line":85,"column":111}}]},"16":{"type":"branch","line":87,"loc":{"start":{"line":87,"column":42},"end":{"line":87,"column":87}},"locations":[{"start":{"line":87,"column":42},"end":{"line":87,"column":87}}]},"17":{"type":"branch","line":104,"loc":{"start":{"line":104,"column":94},"end":{"line":107,"column":34}},"locations":[{"start":{"line":104,"column":94},"end":{"line":107,"column":34}}]},"18":{"type":"branch","line":107,"loc":{"start":{"line":107,"column":34},"end":{"line":128,"column":5}},"locations":[{"start":{"line":107,"column":34},"end":{"line":128,"column":5}}]},"19":{"type":"branch","line":108,"loc":{"start":{"line":108,"column":62},"end":{"line":108,"column":70}},"locations":[{"start":{"line":108,"column":62},"end":{"line":108,"column":70}}]},"20":{"type":"branch","line":109,"loc":{"start":{"line":109,"column":27},"end":{"line":111,"column":7}},"locations":[{"start":{"line":109,"column":27},"end":{"line":111,"column":7}}]},"21":{"type":"branch","line":111,"loc":{"start":{"line":111,"column":6},"end":{"line":112,"column":97}},"locations":[{"start":{"line":111,"column":6},"end":{"line":112,"column":97}}]},"22":{"type":"branch","line":112,"loc":{"start":{"line":112,"column":92},"end":{"line":112,"column":100}},"locations":[{"start":{"line":112,"column":92},"end":{"line":112,"column":100}}]},"23":{"type":"branch","line":113,"loc":{"start":{"line":113,"column":23},"end":{"line":115,"column":7}},"locations":[{"start":{"line":113,"column":23},"end":{"line":115,"column":7}}]},"24":{"type":"branch","line":115,"loc":{"start":{"line":115,"column":6},"end":{"line":118,"column":37}},"locations":[{"start":{"line":115,"column":6},"end":{"line":118,"column":37}}]},"25":{"type":"branch","line":118,"loc":{"start":{"line":118,"column":37},"end":{"line":120,"column":7}},"locations":[{"start":{"line":118,"column":37},"end":{"line":120,"column":7}}]},"26":{"type":"branch","line":120,"loc":{"start":{"line":120,"column":6},"end":{"line":121,"column":57}},"locations":[{"start":{"line":120,"column":6},"end":{"line":121,"column":57}}]},"27":{"type":"branch","line":121,"loc":{"start":{"line":121,"column":57},"end":{"line":123,"column":7}},"locations":[{"start":{"line":121,"column":57},"end":{"line":123,"column":7}}]},"28":{"type":"branch","line":123,"loc":{"start":{"line":123,"column":6},"end":{"line":128,"column":5}},"locations":[{"start":{"line":123,"column":6},"end":{"line":128,"column":5}}]},"29":{"type":"branch","line":128,"loc":{"start":{"line":128,"column":4},"end":{"line":149,"column":18}},"locations":[{"start":{"line":128,"column":4},"end":{"line":149,"column":18}}]},"30":{"type":"branch","line":134,"loc":{"start":{"line":134,"column":50},"end":{"line":147,"column":7}},"locations":[{"start":{"line":134,"column":50},"end":{"line":147,"column":7}}]},"31":{"type":"branch","line":139,"loc":{"start":{"line":139,"column":28},"end":{"line":146,"column":9}},"locations":[{"start":{"line":139,"column":28},"end":{"line":146,"column":9}}]},"32":{"type":"branch","line":141,"loc":{"start":{"line":141,"column":55},"end":{"line":145,"column":11}},"locations":[{"start":{"line":141,"column":55},"end":{"line":145,"column":11}}]}},"b":{"0":[1],"1":[4],"2":[3],"3":[8],"4":[2],"5":[6],"6":[18],"7":[4],"8":[14],"9":[4],"10":[6],"11":[3],"12":[4],"13":[1],"14":[1],"15":[1],"16":[0],"17":[3],"18":[24],"19":[9],"20":[9],"21":[15],"22":[9],"23":[9],"24":[6],"25":[2],"26":[4],"27":[3],"28":[4],"29":[3],"30":[4],"31":[4],"32":[8]},"fnMap":{"0":{"name":"ConfigProviderService","decl":{"start":{"line":23,"column":2},"end":{"line":27,"column":6}},"loc":{"start":{"line":23,"column":2},"end":{"line":27,"column":6}},"line":23},"1":{"name":"generateOrmconfig","decl":{"start":{"line":30,"column":2},"end":{"line":76,"column":3}},"loc":{"start":{"line":30,"column":2},"end":{"line":76,"column":3}},"line":30},"2":{"name":"loadConfig","decl":{"start":{"line":79,"column":2},"end":{"line":150,"column":3}},"loc":{"start":{"line":79,"column":2},"end":{"line":150,"column":3}},"line":79}},"f":{"0":1,"1":4,"2":4}}
,"/code/personal/node-c/repo/packages/core/src/common/configProvider/index.ts": {"path":"/code/personal/node-c/repo/packages/core/src/common/configProvider/index.ts","all":true,"statementMap":{"0":{"start":{"line":1,"column":0},"end":{"line":1,"column":45}},"1":{"start":{"line":2,"column":0},"end":{"line":2,"column":40}},"2":{"start":{"line":3,"column":0},"end":{"line":3,"column":41}}},"s":{"0":0,"1":0,"2":0},"branchMap":{"0":{"type":"branch","line":1,"loc":{"start":{"line":1,"column":0},"end":{"line":3,"column":-42}},"locations":[{"start":{"line":1,"column":0},"end":{"line":3,"column":-42}}]}},"b":{"0":[0]},"fnMap":{"0":{"name":"(empty-report)","decl":{"start":{"line":1,"column":0},"end":{"line":3,"column":-42}},"loc":{"start":{"line":1,"column":0},"end":{"line":3,"column":-42}},"line":1}},"f":{"0":0}}
,"/code/personal/node-c/repo/packages/core/src/common/definitions/common.constants.ts": {"path":"/code/personal/node-c/repo/packages/core/src/common/definitions/common.constants.ts","all":false,"statementMap":{"0":{"start":{"line":1,"column":0},"end":{"line":1,"column":23}},"2":{"start":{"line":3,"column":0},"end":{"line":3,"column":38}},"4":{"start":{"line":5,"column":0},"end":{"line":5,"column":20}},"6":{"start":{"line":7,"column":0},"end":{"line":7,"column":43}}},"s":{"0":1,"2":1,"4":1,"6":1},"branchMap":{"0":{"type":"branch","line":1,"loc":{"start":{"line":1,"column":7},"end":{"line":1,"column":23}},"locations":[{"start":{"line":1,"column":7},"end":{"line":1,"column":23}}]}},"b":{"0":[2]},"fnMap":{},"f":{}}
,"/code/personal/node-c/repo/packages/core/src/common/definitions/common.definitions.ts": {"path":"/code/personal/node-c/repo/packages/core/src/common/definitions/common.definitions.ts","all":false,"statementMap":{"4":{"start":{"line":5,"column":0},"end":{"line":5,"column":84}},"6":{"start":{"line":7,"column":0},"end":{"line":7,"column":1}}},"s":{"4":1,"6":1},"branchMap":{},"b":{},"fnMap":{},"f":{}}
,"/code/personal/node-c/repo/packages/core/src/common/definitions/common.errors.ts": {"path":"/code/personal/node-c/repo/packages/core/src/common/definitions/common.errors.ts","all":false,"statementMap":{"2":{"start":{"line":3,"column":0},"end":{"line":3,"column":48}},"7":{"start":{"line":8,"column":0},"end":{"line":8,"column":54}},"8":{"start":{"line":9,"column":0},"end":{"line":9,"column":27}},"9":{"start":{"line":10,"column":0},"end":{"line":10,"column":35}},"10":{"start":{"line":11,"column":0},"end":{"line":11,"column":27}},"11":{"start":{"line":12,"column":0},"end":{"line":12,"column":3}},"12":{"start":{"line":13,"column":0},"end":{"line":13,"column":1}}},"s":{"2":1,"7":1,"8":21,"9":21,"10":21,"11":21,"12":1},"branchMap":{"0":{"type":"branch","line":8,"loc":{"start":{"line":8,"column":2},"end":{"line":12,"column":3}},"locations":[{"start":{"line":8,"column":2},"end":{"line":12,"column":3}}]}},"b":{"0":[21]},"fnMap":{"0":{"name":"ApplicationError","decl":{"start":{"line":8,"column":2},"end":{"line":12,"column":3}},"loc":{"start":{"line":8,"column":2},"end":{"line":12,"column":3}},"line":8}},"f":{"0":21}}
,"/code/personal/node-c/repo/packages/core/src/common/definitions/index.ts": {"path":"/code/personal/node-c/repo/packages/core/src/common/definitions/index.ts","all":false,"statementMap":{"0":{"start":{"line":1,"column":0},"end":{"line":1,"column":35}},"1":{"start":{"line":2,"column":0},"end":{"line":2,"column":37}},"2":{"start":{"line":3,"column":0},"end":{"line":3,"column":32}}},"s":{"0":1,"1":1,"2":1},"branchMap":{},"b":{},"fnMap":{},"f":{}}
,"/code/personal/node-c/repo/packages/core/src/common/utils/index.ts": {"path":"/code/personal/node-c/repo/packages/core/src/common/utils/index.ts","all":true,"statementMap":{"0":{"start":{"line":1,"column":0},"end":{"line":1,"column":43}}},"s":{"0":0},"branchMap":{"0":{"type":"branch","line":1,"loc":{"start":{"line":1,"column":0},"end":{"line":1,"column":43}},"locations":[{"start":{"line":1,"column":0},"end":{"line":1,"column":43}}]}},"b":{"0":[0]},"fnMap":{"0":{"name":"(empty-report)","decl":{"start":{"line":1,"column":0},"end":{"line":1,"column":43}},"loc":{"start":{"line":1,"column":0},"end":{"line":1,"column":43}},"line":1}},"f":{"0":0}}
,"/code/personal/node-c/repo/packages/core/src/common/utils/utils.loadDynamicModules.ts": {"path":"/code/personal/node-c/repo/packages/core/src/common/utils/utils.loadDynamicModules.ts","all":false,"statementMap":{"8":{"start":{"line":9,"column":0},"end":{"line":9,"column":35}},"9":{"start":{"line":10,"column":0},"end":{"line":10,"column":36}},"10":{"start":{"line":11,"column":0},"end":{"line":11,"column":108}},"11":{"start":{"line":12,"column":0},"end":{"line":12,"column":37}},"12":{"start":{"line":13,"column":0},"end":{"line":13,"column":33}},"13":{"start":{"line":14,"column":0},"end":{"line":14,"column":38}},"14":{"start":{"line":15,"column":0},"end":{"line":15,"column":34}},"15":{"start":{"line":16,"column":0},"end":{"line":16,"column":33}},"16":{"start":{"line":17,"column":0},"end":{"line":17,"column":53}},"17":{"start":{"line":18,"column":0},"end":{"line":18,"column":35}},"18":{"start":{"line":19,"column":0},"end":{"line":19,"column":15}},"19":{"start":{"line":20,"column":0},"end":{"line":20,"column":5}},"20":{"start":{"line":21,"column":0},"end":{"line":21,"column":38}},"21":{"start":{"line":22,"column":0},"end":{"line":22,"column":81}},"22":{"start":{"line":23,"column":0},"end":{"line":23,"column":42}},"23":{"start":{"line":24,"column":0},"end":{"line":24,"column":26}},"24":{"start":{"line":25,"column":0},"end":{"line":25,"column":49}},"25":{"start":{"line":26,"column":0},"end":{"line":26,"column":63}},"26":{"start":{"line":27,"column":0},"end":{"line":27,"column":11}},"28":{"start":{"line":29,"column":0},"end":{"line":29,"column":7}},"29":{"start":{"line":30,"column":0},"end":{"line":30,"column":39}},"30":{"start":{"line":31,"column":0},"end":{"line":31,"column":15}},"31":{"start":{"line":32,"column":0},"end":{"line":32,"column":5}},"32":{"start":{"line":33,"column":0},"end":{"line":33,"column":34}},"33":{"start":{"line":34,"column":0},"end":{"line":34,"column":43}},"34":{"start":{"line":35,"column":0},"end":{"line":35,"column":15}},"35":{"start":{"line":36,"column":0},"end":{"line":36,"column":5}},"36":{"start":{"line":37,"column":0},"end":{"line":37,"column":34}},"37":{"start":{"line":38,"column":0},"end":{"line":38,"column":70}},"38":{"start":{"line":39,"column":0},"end":{"line":39,"column":15}},"39":{"start":{"line":40,"column":0},"end":{"line":40,"column":5}},"40":{"start":{"line":41,"column":0},"end":{"line":41,"column":35}},"41":{"start":{"line":42,"column":0},"end":{"line":42,"column":81}},"42":{"start":{"line":43,"column":0},"end":{"line":43,"column":42}},"43":{"start":{"line":44,"column":0},"end":{"line":44,"column":23}},"44":{"start":{"line":45,"column":0},"end":{"line":45,"column":49}},"45":{"start":{"line":46,"column":0},"end":{"line":46,"column":63}},"46":{"start":{"line":47,"column":0},"end":{"line":47,"column":11}},"48":{"start":{"line":49,"column":0},"end":{"line":49,"column":7}},"49":{"start":{"line":50,"column":0},"end":{"line":50,"column":36}},"50":{"start":{"line":51,"column":0},"end":{"line":51,"column":15}},"51":{"start":{"line":52,"column":0},"end":{"line":52,"column":5}},"52":{"start":{"line":53,"column":0},"end":{"line":53,"column":3}},"53":{"start":{"line":54,"column":0},"end":{"line":54,"column":10}},"54":{"start":{"line":55,"column":0},"end":{"line":55,"column":62}},"55":{"start":{"line":56,"column":0},"end":{"line":56,"column":53}},"56":{"start":{"line":57,"column":0},"end":{"line":57,"column":50}},"57":{"start":{"line":58,"column":0},"end":{"line":58,"column":52}},"58":{"start":{"line":59,"column":0},"end":{"line":59,"column":4}},"59":{"start":{"line":60,"column":0},"end":{"line":60,"column":2}}},"s":{"8":1,"9":8,"10":8,"11":8,"12":8,"13":8,"14":8,"15":8,"16":17,"17":17,"18":2,"19":2,"20":17,"21":4,"22":4,"23":1,"24":1,"25":1,"26":1,"28":1,"29":4,"30":4,"31":4,"32":17,"33":3,"34":3,"35":3,"36":17,"37":3,"38":3,"39":3,"40":17,"41":3,"42":3,"43":1,"44":1,"45":1,"46":1,"48":1,"49":3,"50":3,"51":3,"52":17,"53":8,"54":8,"55":8,"56":8,"57":8,"58":8,"59":8},"branchMap":{"0":{"type":"branch","line":9,"loc":{"start":{"line":9,"column":34},"end":{"line":60,"column":2}},"locations":[{"start":{"line":9,"column":34},"end":{"line":60,"column":2}}]},"1":{"type":"branch","line":16,"loc":{"start":{"line":16,"column":32},"end":{"line":53,"column":3}},"locations":[{"start":{"line":16,"column":32},"end":{"line":53,"column":3}}]},"2":{"type":"branch","line":18,"loc":{"start":{"line":18,"column":34},"end":{"line":20,"column":5}},"locations":[{"start":{"line":18,"column":34},"end":{"line":20,"column":5}}]},"3":{"type":"branch","line":20,"loc":{"start":{"line":20,"column":4},"end":{"line":21,"column":37}},"locations":[{"start":{"line":20,"column":4},"end":{"line":21,"column":37}}]},"4":{"type":"branch","line":21,"loc":{"start":{"line":21,"column":37},"end":{"line":32,"column":5}},"locations":[{"start":{"line":21,"column":37},"end":{"line":32,"column":5}}]},"5":{"type":"branch","line":23,"loc":{"start":{"line":23,"column":41},"end":{"line":29,"column":7}},"locations":[{"start":{"line":23,"column":41},"end":{"line":29,"column":7}}]},"6":{"type":"branch","line":32,"loc":{"start":{"line":32,"column":4},"end":{"line":33,"column":33}},"locations":[{"start":{"line":32,"column":4},"end":{"line":33,"column":33}}]},"7":{"type":"branch","line":33,"loc":{"start":{"line":33,"column":33},"end":{"line":36,"column":5}},"locations":[{"start":{"line":33,"column":33},"end":{"line":36,"column":5}}]},"8":{"type":"branch","line":36,"loc":{"start":{"line":36,"column":4},"end":{"line":37,"column":33}},"locations":[{"start":{"line":36,"column":4},"end":{"line":37,"column":33}}]},"9":{"type":"branch","line":37,"loc":{"start":{"line":37,"column":33},"end":{"line":40,"column":5}},"locations":[{"start":{"line":37,"column":33},"end":{"line":40,"column":5}}]},"10":{"type":"branch","line":40,"loc":{"start":{"line":40,"column":4},"end":{"line":41,"column":34}},"locations":[{"start":{"line":40,"column":4},"end":{"line":41,"column":34}}]},"11":{"type":"branch","line":41,"loc":{"start":{"line":41,"column":34},"end":{"line":52,"column":5}},"locations":[{"start":{"line":41,"column":34},"end":{"line":52,"column":5}}]},"12":{"type":"branch","line":43,"loc":{"start":{"line":43,"column":41},"end":{"line":49,"column":7}},"locations":[{"start":{"line":43,"column":41},"end":{"line":49,"column":7}}]},"13":{"type":"branch","line":55,"loc":{"start":{"line":55,"column":29},"end":{"line":55,"column":52}},"locations":[{"start":{"line":55,"column":29},"end":{"line":55,"column":52}}]},"14":{"type":"branch","line":55,"loc":{"start":{"line":55,"column":38},"end":{"line":55,"column":62}},"locations":[{"start":{"line":55,"column":38},"end":{"line":55,"column":62}}]},"15":{"type":"branch","line":56,"loc":{"start":{"line":56,"column":23},"end":{"line":56,"column":43}},"locations":[{"start":{"line":56,"column":23},"end":{"line":56,"column":43}}]},"16":{"type":"branch","line":56,"loc":{"start":{"line":56,"column":32},"end":{"line":56,"column":53}},"locations":[{"start":{"line":56,"column":32},"end":{"line":56,"column":53}}]},"17":{"type":"branch","line":57,"loc":{"start":{"line":57,"column":21},"end":{"line":57,"column":40}},"locations":[{"start":{"line":57,"column":21},"end":{"line":57,"column":40}}]},"18":{"type":"branch","line":57,"loc":{"start":{"line":57,"column":30},"end":{"line":57,"column":50}},"locations":[{"start":{"line":57,"column":30},"end":{"line":57,"column":50}}]},"19":{"type":"branch","line":58,"loc":{"start":{"line":58,"column":23},"end":{"line":58,"column":43}},"locations":[{"start":{"line":58,"column":23},"end":{"line":58,"column":43}}]},"20":{"type":"branch","line":58,"loc":{"start":{"line":58,"column":32},"end":{"line":58,"column":52}},"locations":[{"start":{"line":58,"column":32},"end":{"line":58,"column":52}}]}},"b":{"0":[8],"1":[17],"2":[2],"3":[15],"4":[4],"5":[1],"6":[11],"7":[3],"8":[8],"9":[3],"10":[5],"11":[3],"12":[1],"13":[3],"14":[5],"15":[2],"16":[6],"17":[2],"18":[6],"19":[2],"20":[6]},"fnMap":{"0":{"name":"loadDynamicModules","decl":{"start":{"line":9,"column":34},"end":{"line":60,"column":2}},"loc":{"start":{"line":9,"column":34},"end":{"line":60,"column":2}},"line":9}},"f":{"0":8}}
,"/code/personal/node-c/repo/packages/core/src/domain/entityService/domain.entity.service.ts": {"path":"/code/personal/node-c/repo/packages/core/src/domain/entityService/domain.entity.service.ts","all":false,"statementMap":{"13":{"start":{"line":14,"column":0},"end":{"line":14,"column":109}},"14":{"start":{"line":15,"column":0},"end":{"line":15,"column":14}},"16":{"start":{"line":17,"column":0},"end":{"line":17,"column":53}},"17":{"start":{"line":18,"column":0},"end":{"line":18,"column":6}},"21":{"start":{"line":22,"column":0},"end":{"line":22,"column":55}},"22":{"start":{"line":23,"column":0},"end":{"line":23,"column":64}},"23":{"start":{"line":24,"column":0},"end":{"line":24,"column":3}},"27":{"start":{"line":28,"column":0},"end":{"line":28,"column":54}},"28":{"start":{"line":29,"column":0},"end":{"line":29,"column":60}},"29":{"start":{"line":30,"column":0},"end":{"line":30,"column":3}},"33":{"start":{"line":34,"column":0},"end":{"line":34,"column":63}},"34":{"start":{"line":35,"column":0},"end":{"line":35,"column":57}},"35":{"start":{"line":36,"column":0},"end":{"line":36,"column":3}},"39":{"start":{"line":40,"column":0},"end":{"line":40,"column":66}},"40":{"start":{"line":41,"column":0},"end":{"line":41,"column":55}},"41":{"start":{"line":42,"column":0},"end":{"line":42,"column":3}},"45":{"start":{"line":46,"column":0},"end":{"line":46,"column":66}},"46":{"start":{"line":47,"column":0},"end":{"line":47,"column":58}},"47":{"start":{"line":48,"column":0},"end":{"line":48,"column":3}},"51":{"start":{"line":52,"column":0},"end":{"line":52,"column":85}},"52":{"start":{"line":53,"column":0},"end":{"line":53,"column":63}},"53":{"start":{"line":54,"column":0},"end":{"line":54,"column":3}},"54":{"start":{"line":55,"column":0},"end":{"line":55,"column":1}}},"s":{"13":1,"14":1,"16":12,"17":12,"21":1,"22":2,"23":2,"27":1,"28":2,"29":2,"33":1,"34":2,"35":2,"39":1,"40":2,"41":2,"45":1,"46":2,"47":2,"51":1,"52":2,"53":2,"54":1},"branchMap":{"0":{"type":"branch","line":15,"loc":{"start":{"line":15,"column":2},"end":{"line":18,"column":6}},"locations":[{"start":{"line":15,"column":2},"end":{"line":18,"column":6}}]},"1":{"type":"branch","line":22,"loc":{"start":{"line":22,"column":2},"end":{"line":24,"column":3}},"locations":[{"start":{"line":22,"column":2},"end":{"line":24,"column":3}}]},"2":{"type":"branch","line":28,"loc":{"start":{"line":28,"column":2},"end":{"line":30,"column":3}},"locations":[{"start":{"line":28,"column":2},"end":{"line":30,"column":3}}]},"3":{"type":"branch","line":34,"loc":{"start":{"line":34,"column":2},"end":{"line":36,"column":3}},"locations":[{"start":{"line":34,"column":2},"end":{"line":36,"column":3}}]},"4":{"type":"branch","line":40,"loc":{"start":{"line":40,"column":2},"end":{"line":42,"column":3}},"locations":[{"start":{"line":40,"column":2},"end":{"line":42,"column":3}}]},"5":{"type":"branch","line":46,"loc":{"start":{"line":46,"column":2},"end":{"line":48,"column":3}},"locations":[{"start":{"line":46,"column":2},"end":{"line":48,"column":3}}]},"6":{"type":"branch","line":52,"loc":{"start":{"line":52,"column":2},"end":{"line":54,"column":3}},"locations":[{"start":{"line":52,"column":2},"end":{"line":54,"column":3}}]}},"b":{"0":[12],"1":[2],"2":[2],"3":[2],"4":[2],"5":[2],"6":[2]},"fnMap":{"0":{"name":"DomainPersistanceEntityService","decl":{"start":{"line":15,"column":2},"end":{"line":18,"column":6}},"loc":{"start":{"line":15,"column":2},"end":{"line":18,"column":6}},"line":15},"1":{"name":"bulkCreate","decl":{"start":{"line":22,"column":2},"end":{"line":24,"column":3}},"loc":{"start":{"line":22,"column":2},"end":{"line":24,"column":3}},"line":22},"2":{"name":"create","decl":{"start":{"line":28,"column":2},"end":{"line":30,"column":3}},"loc":{"start":{"line":28,"column":2},"end":{"line":30,"column":3}},"line":28},"3":{"name":"delete","decl":{"start":{"line":34,"column":2},"end":{"line":36,"column":3}},"loc":{"start":{"line":34,"column":2},"end":{"line":36,"column":3}},"line":34},"4":{"name":"find","decl":{"start":{"line":40,"column":2},"end":{"line":42,"column":3}},"loc":{"start":{"line":40,"column":2},"end":{"line":42,"column":3}},"line":40},"5":{"name":"findOne","decl":{"start":{"line":46,"column":2},"end":{"line":48,"column":3}},"loc":{"start":{"line":46,"column":2},"end":{"line":48,"column":3}},"line":46},"6":{"name":"update","decl":{"start":{"line":52,"column":2},"end":{"line":54,"column":3}},"loc":{"start":{"line":52,"column":2},"end":{"line":54,"column":3}},"line":52}},"f":{"0":12,"1":2,"2":2,"3":2,"4":2,"5":2,"6":2}}
,"/code/personal/node-c/repo/packages/core/src/domain/entityService/index.ts": {"path":"/code/personal/node-c/repo/packages/core/src/domain/entityService/index.ts","all":true,"statementMap":{"0":{"start":{"line":1,"column":0},"end":{"line":1,"column":40}}},"s":{"0":0},"branchMap":{"0":{"type":"branch","line":1,"loc":{"start":{"line":1,"column":0},"end":{"line":1,"column":40}},"locations":[{"start":{"line":1,"column":0},"end":{"line":1,"column":40}}]}},"b":{"0":[0]},"fnMap":{"0":{"name":"(empty-report)","decl":{"start":{"line":1,"column":0},"end":{"line":1,"column":40}},"loc":{"start":{"line":1,"column":0},"end":{"line":1,"column":40}},"line":1}},"f":{"0":0}}
,"/code/personal/node-c/repo/packages/core/src/persistance/entityService/index.ts": {"path":"/code/personal/node-c/repo/packages/core/src/persistance/entityService/index.ts","all":true,"statementMap":{"0":{"start":{"line":1,"column":0},"end":{"line":1,"column":45}},"1":{"start":{"line":2,"column":0},"end":{"line":2,"column":57}}},"s":{"0":0,"1":0},"branchMap":{"0":{"type":"branch","line":1,"loc":{"start":{"line":1,"column":0},"end":{"line":2,"column":-1}},"locations":[{"start":{"line":1,"column":0},"end":{"line":2,"column":-1}}]}},"b":{"0":[0]},"fnMap":{"0":{"name":"(empty-report)","decl":{"start":{"line":1,"column":0},"end":{"line":2,"column":-1}},"loc":{"start":{"line":1,"column":0},"end":{"line":2,"column":-1}},"line":1}},"f":{"0":0}}
,"/code/personal/node-c/repo/packages/core/src/persistance/entityService/persistance.entity.service.definitions.ts": {"path":"/code/personal/node-c/repo/packages/core/src/persistance/entityService/persistance.entity.service.definitions.ts","all":true,"statementMap":{"49":{"start":{"line":50,"column":0},"end":{"line":50,"column":28}},"51":{"start":{"line":52,"column":0},"end":{"line":52,"column":23}},"53":{"start":{"line":54,"column":0},"end":{"line":54,"column":25}},"55":{"start":{"line":56,"column":0},"end":{"line":56,"column":17}},"57":{"start":{"line":58,"column":0},"end":{"line":58,"column":22}},"59":{"start":{"line":60,"column":0},"end":{"line":60,"column":30}},"61":{"start":{"line":62,"column":0},"end":{"line":62,"column":19}},"63":{"start":{"line":64,"column":0},"end":{"line":64,"column":27}},"65":{"start":{"line":66,"column":0},"end":{"line":66,"column":17}},"67":{"start":{"line":68,"column":0},"end":{"line":68,"column":19}},"69":{"start":{"line":70,"column":0},"end":{"line":70,"column":15}},"71":{"start":{"line":72,"column":0},"end":{"line":72,"column":12}}},"s":{"49":0,"51":0,"53":0,"55":0,"57":0,"59":0,"61":0,"63":0,"65":0,"67":0,"69":0,"71":0},"branchMap":{"0":{"type":"branch","line":1,"loc":{"start":{"line":1,"column":1834},"end":{"line":83,"column":1}},"locations":[{"start":{"line":1,"column":1834},"end":{"line":83,"column":1}}]}},"b":{"0":[1]},"fnMap":{"0":{"name":"(empty-report)","decl":{"start":{"line":1,"column":1834},"end":{"line":83,"column":1}},"loc":{"start":{"line":1,"column":1834},"end":{"line":83,"column":1}},"line":1}},"f":{"0":1}}
,"/code/personal/node-c/repo/packages/core/src/persistance/entityService/persistance.entity.service.ts": {"path":"/code/personal/node-c/repo/packages/core/src/persistance/entityService/persistance.entity.service.ts","all":false,"statementMap":{"10":{"start":{"line":11,"column":0},"end":{"line":11,"column":60}},"16":{"start":{"line":17,"column":0},"end":{"line":17,"column":47}},"18":{"start":{"line":19,"column":0},"end":{"line":19,"column":95}},"19":{"start":{"line":20,"column":0},"end":{"line":20,"column":94}},"20":{"start":{"line":21,"column":0},"end":{"line":21,"column":3}},"23":{"start":{"line":24,"column":0},"end":{"line":24,"column":85}},"24":{"start":{"line":25,"column":0},"end":{"line":25,"column":90}},"25":{"start":{"line":26,"column":0},"end":{"line":26,"column":3}},"28":{"start":{"line":29,"column":0},"end":{"line":29,"column":74}},"29":{"start":{"line":30,"column":0},"end":{"line":30,"column":89}},"30":{"start":{"line":31,"column":0},"end":{"line":31,"column":3}},"33":{"start":{"line":34,"column":0},"end":{"line":34,"column":65}},"34":{"start":{"line":35,"column":0},"end":{"line":35,"column":90}},"35":{"start":{"line":36,"column":0},"end":{"line":36,"column":3}},"38":{"start":{"line":39,"column":0},"end":{"line":39,"column":68}},"39":{"start":{"line":40,"column":0},"end":{"line":40,"column":88}},"40":{"start":{"line":41,"column":0},"end":{"line":41,"column":3}},"43":{"start":{"line":44,"column":0},"end":{"line":44,"column":68}},"44":{"start":{"line":45,"column":0},"end":{"line":45,"column":91}},"45":{"start":{"line":46,"column":0},"end":{"line":46,"column":3}},"48":{"start":{"line":49,"column":0},"end":{"line":49,"column":104}},"49":{"start":{"line":50,"column":0},"end":{"line":50,"column":90}},"50":{"start":{"line":51,"column":0},"end":{"line":51,"column":3}},"51":{"start":{"line":52,"column":0},"end":{"line":52,"column":1}}},"s":{"10":1,"16":1,"18":1,"19":3,"20":3,"23":1,"24":3,"25":3,"28":1,"29":3,"30":3,"33":1,"34":3,"35":3,"38":1,"39":3,"40":3,"43":1,"44":3,"45":3,"48":1,"49":3,"50":3,"51":1},"branchMap":{"0":{"type":"branch","line":19,"loc":{"start":{"line":19,"column":2},"end":{"line":21,"column":3}},"locations":[{"start":{"line":19,"column":2},"end":{"line":21,"column":3}}]},"1":{"type":"branch","line":24,"loc":{"start":{"line":24,"column":2},"end":{"line":26,"column":3}},"locations":[{"start":{"line":24,"column":2},"end":{"line":26,"column":3}}]},"2":{"type":"branch","line":29,"loc":{"start":{"line":29,"column":2},"end":{"line":31,"column":3}},"locations":[{"start":{"line":29,"column":2},"end":{"line":31,"column":3}}]},"3":{"type":"branch","line":34,"loc":{"start":{"line":34,"column":9},"end":{"line":36,"column":3}},"locations":[{"start":{"line":34,"column":9},"end":{"line":36,"column":3}}]},"4":{"type":"branch","line":39,"loc":{"start":{"line":39,"column":9},"end":{"line":41,"column":3}},"locations":[{"start":{"line":39,"column":9},"end":{"line":41,"column":3}}]},"5":{"type":"branch","line":44,"loc":{"start":{"line":44,"column":9},"end":{"line":46,"column":3}},"locations":[{"start":{"line":44,"column":9},"end":{"line":46,"column":3}}]},"6":{"type":"branch","line":49,"loc":{"start":{"line":49,"column":2},"end":{"line":51,"column":3}},"locations":[{"start":{"line":49,"column":2},"end":{"line":51,"column":3}}]}},"b":{"0":[3],"1":[3],"2":[3],"3":[3],"4":[3],"5":[3],"6":[3]},"fnMap":{"0":{"name":"bulkCreate","decl":{"start":{"line":19,"column":2},"end":{"line":21,"column":3}},"loc":{"start":{"line":19,"column":2},"end":{"line":21,"column":3}},"line":19},"1":{"name":"create","decl":{"start":{"line":24,"column":2},"end":{"line":26,"column":3}},"loc":{"start":{"line":24,"column":2},"end":{"line":26,"column":3}},"line":24},"2":{"name":"count","decl":{"start":{"line":29,"column":2},"end":{"line":31,"column":3}},"loc":{"start":{"line":29,"column":2},"end":{"line":31,"column":3}},"line":29},"3":{"name":"delete","decl":{"start":{"line":34,"column":9},"end":{"line":36,"column":3}},"loc":{"start":{"line":34,"column":9},"end":{"line":36,"column":3}},"line":34},"4":{"name":"find","decl":{"start":{"line":39,"column":9},"end":{"line":41,"column":3}},"loc":{"start":{"line":39,"column":9},"end":{"line":41,"column":3}},"line":39},"5":{"name":"findOne","decl":{"start":{"line":44,"column":9},"end":{"line":46,"column":3}},"loc":{"start":{"line":44,"column":9},"end":{"line":46,"column":3}},"line":44},"6":{"name":"update","decl":{"start":{"line":49,"column":2},"end":{"line":51,"column":3}},"loc":{"start":{"line":49,"column":2},"end":{"line":51,"column":3}},"line":49}},"f":{"0":3,"1":3,"2":3,"3":3,"4":3,"5":3,"6":3}}
}
